running egg_info
creating /home/gustavo/workspace/build/scan_reader/scan_reader.egg-info
writing /home/gustavo/workspace/build/scan_reader/scan_reader.egg-info/PKG-INFO
writing dependency_links to /home/gustavo/workspace/build/scan_reader/scan_reader.egg-info/dependency_links.txt
writing entry points to /home/gustavo/workspace/build/scan_reader/scan_reader.egg-info/entry_points.txt
writing requirements to /home/gustavo/workspace/build/scan_reader/scan_reader.egg-info/requires.txt
writing top-level names to /home/gustavo/workspace/build/scan_reader/scan_reader.egg-info/top_level.txt
writing manifest file '/home/gustavo/workspace/build/scan_reader/scan_reader.egg-info/SOURCES.txt'
reading manifest file '/home/gustavo/workspace/build/scan_reader/scan_reader.egg-info/SOURCES.txt'
writing manifest file '/home/gustavo/workspace/build/scan_reader/scan_reader.egg-info/SOURCES.txt'
running build
running build_py
creating /home/gustavo/workspace/build/scan_reader/build
creating /home/gustavo/workspace/build/scan_reader/build/lib
creating /home/gustavo/workspace/build/scan_reader/build/lib/scan_reader
copying scan_reader/scan_reader.py -> /home/gustavo/workspace/build/scan_reader/build/lib/scan_reader
copying scan_reader/scan_publisher.py -> /home/gustavo/workspace/build/scan_reader/build/lib/scan_reader
copying scan_reader/__init__.py -> /home/gustavo/workspace/build/scan_reader/build/lib/scan_reader
running install
running install_lib
creating /home/gustavo/workspace/install/scan_reader/lib/python3.8/site-packages/scan_reader
copying /home/gustavo/workspace/build/scan_reader/build/lib/scan_reader/scan_reader.py -> /home/gustavo/workspace/install/scan_reader/lib/python3.8/site-packages/scan_reader
copying /home/gustavo/workspace/build/scan_reader/build/lib/scan_reader/scan_publisher.py -> /home/gustavo/workspace/install/scan_reader/lib/python3.8/site-packages/scan_reader
copying /home/gustavo/workspace/build/scan_reader/build/lib/scan_reader/__init__.py -> /home/gustavo/workspace/install/scan_reader/lib/python3.8/site-packages/scan_reader
byte-compiling /home/gustavo/workspace/install/scan_reader/lib/python3.8/site-packages/scan_reader/scan_reader.py to scan_reader.cpython-38.pyc
byte-compiling /home/gustavo/workspace/install/scan_reader/lib/python3.8/site-packages/scan_reader/scan_publisher.py to scan_publisher.cpython-38.pyc
byte-compiling /home/gustavo/workspace/install/scan_reader/lib/python3.8/site-packages/scan_reader/__init__.py to __init__.cpython-38.pyc
running install_data
creating /home/gustavo/workspace/install/scan_reader/share/ament_index
creating /home/gustavo/workspace/install/scan_reader/share/ament_index/resource_index
creating /home/gustavo/workspace/install/scan_reader/share/ament_index/resource_index/packages
copying resource/scan_reader -> /home/gustavo/workspace/install/scan_reader/share/ament_index/resource_index/packages
copying package.xml -> /home/gustavo/workspace/install/scan_reader/share/scan_reader
running install_egg_info
Copying /home/gustavo/workspace/build/scan_reader/scan_reader.egg-info to /home/gustavo/workspace/install/scan_reader/lib/python3.8/site-packages/scan_reader-0.0.0-py3.8.egg-info
running install_scripts
Installing laser_publisher script to /home/gustavo/workspace/install/scan_reader/lib/scan_reader
Installing scan_reader script to /home/gustavo/workspace/install/scan_reader/lib/scan_reader
writing list of installed files to '/home/gustavo/workspace/build/scan_reader/install.log'
