[0.476s] Invoking command in '/home/gustavo/workspace/src/myturtlebot3/scan_reader': PYTHONPATH=/home/gustavo/workspace/install/scan_reader/lib/python3.8/site-packages:${PYTHONPATH} /usr/bin/python3 setup.py egg_info --egg-base /home/gustavo/workspace/build/scan_reader build --build-base /home/gustavo/workspace/build/scan_reader/build install --prefix /home/gustavo/workspace/install/scan_reader --record /home/gustavo/workspace/build/scan_reader/install.log --single-version-externally-managed
[0.702s] running egg_info
[0.703s] creating /home/gustavo/workspace/build/scan_reader/scan_reader.egg-info
[0.703s] writing /home/gustavo/workspace/build/scan_reader/scan_reader.egg-info/PKG-INFO
[0.703s] writing dependency_links to /home/gustavo/workspace/build/scan_reader/scan_reader.egg-info/dependency_links.txt
[0.703s] writing entry points to /home/gustavo/workspace/build/scan_reader/scan_reader.egg-info/entry_points.txt
[0.704s] writing requirements to /home/gustavo/workspace/build/scan_reader/scan_reader.egg-info/requires.txt
[0.704s] writing top-level names to /home/gustavo/workspace/build/scan_reader/scan_reader.egg-info/top_level.txt
[0.705s] writing manifest file '/home/gustavo/workspace/build/scan_reader/scan_reader.egg-info/SOURCES.txt'
[0.736s] reading manifest file '/home/gustavo/workspace/build/scan_reader/scan_reader.egg-info/SOURCES.txt'
[0.737s] writing manifest file '/home/gustavo/workspace/build/scan_reader/scan_reader.egg-info/SOURCES.txt'
[0.737s] running build
[0.737s] running build_py
[0.738s] creating /home/gustavo/workspace/build/scan_reader/build
[0.738s] creating /home/gustavo/workspace/build/scan_reader/build/lib
[0.738s] creating /home/gustavo/workspace/build/scan_reader/build/lib/scan_reader
[0.738s] copying scan_reader/scan_reader.py -> /home/gustavo/workspace/build/scan_reader/build/lib/scan_reader
[0.738s] copying scan_reader/scan_publisher.py -> /home/gustavo/workspace/build/scan_reader/build/lib/scan_reader
[0.738s] copying scan_reader/__init__.py -> /home/gustavo/workspace/build/scan_reader/build/lib/scan_reader
[0.739s] running install
[0.739s] running install_lib
[0.740s] creating /home/gustavo/workspace/install/scan_reader/lib/python3.8/site-packages/scan_reader
[0.740s] copying /home/gustavo/workspace/build/scan_reader/build/lib/scan_reader/scan_reader.py -> /home/gustavo/workspace/install/scan_reader/lib/python3.8/site-packages/scan_reader
[0.741s] copying /home/gustavo/workspace/build/scan_reader/build/lib/scan_reader/scan_publisher.py -> /home/gustavo/workspace/install/scan_reader/lib/python3.8/site-packages/scan_reader
[0.741s] copying /home/gustavo/workspace/build/scan_reader/build/lib/scan_reader/__init__.py -> /home/gustavo/workspace/install/scan_reader/lib/python3.8/site-packages/scan_reader
[0.741s] byte-compiling /home/gustavo/workspace/install/scan_reader/lib/python3.8/site-packages/scan_reader/scan_reader.py to scan_reader.cpython-38.pyc
[0.743s] byte-compiling /home/gustavo/workspace/install/scan_reader/lib/python3.8/site-packages/scan_reader/scan_publisher.py to scan_publisher.cpython-38.pyc
[0.744s] byte-compiling /home/gustavo/workspace/install/scan_reader/lib/python3.8/site-packages/scan_reader/__init__.py to __init__.cpython-38.pyc
[0.744s] running install_data
[0.744s] creating /home/gustavo/workspace/install/scan_reader/share/ament_index
[0.745s] creating /home/gustavo/workspace/install/scan_reader/share/ament_index/resource_index
[0.745s] creating /home/gustavo/workspace/install/scan_reader/share/ament_index/resource_index/packages
[0.745s] copying resource/scan_reader -> /home/gustavo/workspace/install/scan_reader/share/ament_index/resource_index/packages
[0.745s] copying package.xml -> /home/gustavo/workspace/install/scan_reader/share/scan_reader
[0.745s] running install_egg_info
[0.747s] Copying /home/gustavo/workspace/build/scan_reader/scan_reader.egg-info to /home/gustavo/workspace/install/scan_reader/lib/python3.8/site-packages/scan_reader-0.0.0-py3.8.egg-info
[0.748s] running install_scripts
[0.766s] Installing laser_publisher script to /home/gustavo/workspace/install/scan_reader/lib/scan_reader
[0.766s] Installing scan_reader script to /home/gustavo/workspace/install/scan_reader/lib/scan_reader
[0.766s] writing list of installed files to '/home/gustavo/workspace/build/scan_reader/install.log'
[0.792s] Invoked command in '/home/gustavo/workspace/src/myturtlebot3/scan_reader' returned '0': PYTHONPATH=/home/gustavo/workspace/install/scan_reader/lib/python3.8/site-packages:${PYTHONPATH} /usr/bin/python3 setup.py egg_info --egg-base /home/gustavo/workspace/build/scan_reader build --build-base /home/gustavo/workspace/build/scan_reader/build install --prefix /home/gustavo/workspace/install/scan_reader --record /home/gustavo/workspace/build/scan_reader/install.log --single-version-externally-managed
