[0.488s] Invoking command in '/home/gustavo/workspace/src/myturtlebot3/scan_reader': PYTHONPATH=/home/gustavo/workspace/install/scan_reader/lib/python3.8/site-packages:${PYTHONPATH} /usr/bin/python3 setup.py egg_info --egg-base /home/gustavo/workspace/build/scan_reader build --build-base /home/gustavo/workspace/build/scan_reader/build install --prefix /home/gustavo/workspace/install/scan_reader --record /home/gustavo/workspace/build/scan_reader/install.log --single-version-externally-managed
[0.719s] running egg_info
[0.720s] writing /home/gustavo/workspace/build/scan_reader/scan_reader.egg-info/PKG-INFO
[0.720s] writing dependency_links to /home/gustavo/workspace/build/scan_reader/scan_reader.egg-info/dependency_links.txt
[0.720s] writing entry points to /home/gustavo/workspace/build/scan_reader/scan_reader.egg-info/entry_points.txt
[0.720s] writing requirements to /home/gustavo/workspace/build/scan_reader/scan_reader.egg-info/requires.txt
[0.721s] writing top-level names to /home/gustavo/workspace/build/scan_reader/scan_reader.egg-info/top_level.txt
[0.752s] reading manifest file '/home/gustavo/workspace/build/scan_reader/scan_reader.egg-info/SOURCES.txt'
[0.753s] writing manifest file '/home/gustavo/workspace/build/scan_reader/scan_reader.egg-info/SOURCES.txt'
[0.754s] running build
[0.754s] running build_py
[0.754s] copying scan_reader/scan_reader.py -> /home/gustavo/workspace/build/scan_reader/build/lib/scan_reader
[0.754s] running install
[0.755s] running install_lib
[0.756s] copying /home/gustavo/workspace/build/scan_reader/build/lib/scan_reader/scan_reader.py -> /home/gustavo/workspace/install/scan_reader/lib/python3.8/site-packages/scan_reader
[0.756s] byte-compiling /home/gustavo/workspace/install/scan_reader/lib/python3.8/site-packages/scan_reader/scan_reader.py to scan_reader.cpython-38.pyc
[0.758s] running install_data
[0.759s] running install_egg_info
[0.761s] removing '/home/gustavo/workspace/install/scan_reader/lib/python3.8/site-packages/scan_reader-0.0.0-py3.8.egg-info' (and everything under it)
[0.761s] Copying /home/gustavo/workspace/build/scan_reader/scan_reader.egg-info to /home/gustavo/workspace/install/scan_reader/lib/python3.8/site-packages/scan_reader-0.0.0-py3.8.egg-info
[0.762s] running install_scripts
[0.779s] Installing laser_publisher script to /home/gustavo/workspace/install/scan_reader/lib/scan_reader
[0.780s] Installing scan_reader script to /home/gustavo/workspace/install/scan_reader/lib/scan_reader
[0.780s] writing list of installed files to '/home/gustavo/workspace/build/scan_reader/install.log'
[0.817s] Invoked command in '/home/gustavo/workspace/src/myturtlebot3/scan_reader' returned '0': PYTHONPATH=/home/gustavo/workspace/install/scan_reader/lib/python3.8/site-packages:${PYTHONPATH} /usr/bin/python3 setup.py egg_info --egg-base /home/gustavo/workspace/build/scan_reader build --build-base /home/gustavo/workspace/build/scan_reader/build install --prefix /home/gustavo/workspace/install/scan_reader --record /home/gustavo/workspace/build/scan_reader/install.log --single-version-externally-managed
