[0.479s] Invoking command in '/home/gustavo/workspace/src/myturtlebot3/scan_reader': PYTHONPATH=/home/gustavo/workspace/install/scan_reader/lib/python3.8/site-packages:${PYTHONPATH} /usr/bin/python3 setup.py egg_info --egg-base /home/gustavo/workspace/build/scan_reader build --build-base /home/gustavo/workspace/build/scan_reader/build install --prefix /home/gustavo/workspace/install/scan_reader --record /home/gustavo/workspace/build/scan_reader/install.log --single-version-externally-managed
[0.722s] running egg_info
[0.723s] writing /home/gustavo/workspace/build/scan_reader/scan_reader.egg-info/PKG-INFO
[0.723s] writing dependency_links to /home/gustavo/workspace/build/scan_reader/scan_reader.egg-info/dependency_links.txt
[0.723s] writing entry points to /home/gustavo/workspace/build/scan_reader/scan_reader.egg-info/entry_points.txt
[0.723s] writing requirements to /home/gustavo/workspace/build/scan_reader/scan_reader.egg-info/requires.txt
[0.723s] writing top-level names to /home/gustavo/workspace/build/scan_reader/scan_reader.egg-info/top_level.txt
[0.758s] reading manifest file '/home/gustavo/workspace/build/scan_reader/scan_reader.egg-info/SOURCES.txt'
[0.759s] writing manifest file '/home/gustavo/workspace/build/scan_reader/scan_reader.egg-info/SOURCES.txt'
[0.759s] running build
[0.759s] running build_py
[0.759s] copying scan_reader/scan_reader.py -> /home/gustavo/workspace/build/scan_reader/build/lib/scan_reader
[0.760s] running install
[0.761s] running install_lib
[0.762s] copying /home/gustavo/workspace/build/scan_reader/build/lib/scan_reader/scan_reader.py -> /home/gustavo/workspace/install/scan_reader/lib/python3.8/site-packages/scan_reader
[0.762s] byte-compiling /home/gustavo/workspace/install/scan_reader/lib/python3.8/site-packages/scan_reader/scan_reader.py to scan_reader.cpython-38.pyc
[0.764s] running install_data
[0.764s] running install_egg_info
[0.766s] removing '/home/gustavo/workspace/install/scan_reader/lib/python3.8/site-packages/scan_reader-0.0.0-py3.8.egg-info' (and everything under it)
[0.766s] Copying /home/gustavo/workspace/build/scan_reader/scan_reader.egg-info to /home/gustavo/workspace/install/scan_reader/lib/python3.8/site-packages/scan_reader-0.0.0-py3.8.egg-info
[0.767s] running install_scripts
[0.787s] Installing laser_publisher script to /home/gustavo/workspace/install/scan_reader/lib/scan_reader
[0.787s] Installing scan_reader script to /home/gustavo/workspace/install/scan_reader/lib/scan_reader
[0.788s] writing list of installed files to '/home/gustavo/workspace/build/scan_reader/install.log'
[0.814s] Invoked command in '/home/gustavo/workspace/src/myturtlebot3/scan_reader' returned '0': PYTHONPATH=/home/gustavo/workspace/install/scan_reader/lib/python3.8/site-packages:${PYTHONPATH} /usr/bin/python3 setup.py egg_info --egg-base /home/gustavo/workspace/build/scan_reader build --build-base /home/gustavo/workspace/build/scan_reader/build install --prefix /home/gustavo/workspace/install/scan_reader --record /home/gustavo/workspace/build/scan_reader/install.log --single-version-externally-managed
