[0.753s] Invoking command in '/home/gustavo/workspace/src/myturtlebot3/turtlebot3_navigation': PYTHONPATH=/home/gustavo/workspace/install/turtlebot3_navigation/lib/python3.8/site-packages:${PYTHONPATH} /usr/bin/python3 setup.py egg_info --egg-base /home/gustavo/workspace/build/turtlebot3_navigation build --build-base /home/gustavo/workspace/build/turtlebot3_navigation/build install --prefix /home/gustavo/workspace/install/turtlebot3_navigation --record /home/gustavo/workspace/build/turtlebot3_navigation/install.log --single-version-externally-managed
[1.014s] running egg_info
[1.015s] writing /home/gustavo/workspace/build/turtlebot3_navigation/turtlebot3_navigation.egg-info/PKG-INFO
[1.015s] writing dependency_links to /home/gustavo/workspace/build/turtlebot3_navigation/turtlebot3_navigation.egg-info/dependency_links.txt
[1.016s] writing entry points to /home/gustavo/workspace/build/turtlebot3_navigation/turtlebot3_navigation.egg-info/entry_points.txt
[1.016s] writing requirements to /home/gustavo/workspace/build/turtlebot3_navigation/turtlebot3_navigation.egg-info/requires.txt
[1.016s] writing top-level names to /home/gustavo/workspace/build/turtlebot3_navigation/turtlebot3_navigation.egg-info/top_level.txt
[1.051s] reading manifest file '/home/gustavo/workspace/build/turtlebot3_navigation/turtlebot3_navigation.egg-info/SOURCES.txt'
[1.052s] writing manifest file '/home/gustavo/workspace/build/turtlebot3_navigation/turtlebot3_navigation.egg-info/SOURCES.txt'
[1.053s] running build
[1.053s] running build_py
[1.053s] copying turtlebot3_navigation/navigation_node.py -> /home/gustavo/workspace/build/turtlebot3_navigation/build/lib/turtlebot3_navigation
[1.053s] running install
[1.054s] running install_lib
[1.056s] copying /home/gustavo/workspace/build/turtlebot3_navigation/build/lib/turtlebot3_navigation/navigation_node.py -> /home/gustavo/workspace/install/turtlebot3_navigation/lib/python3.8/site-packages/turtlebot3_navigation
[1.056s] byte-compiling /home/gustavo/workspace/install/turtlebot3_navigation/lib/python3.8/site-packages/turtlebot3_navigation/navigation_node.py to navigation_node.cpython-38.pyc
[1.058s] running install_data
[1.059s] running install_egg_info
[1.060s] removing '/home/gustavo/workspace/install/turtlebot3_navigation/lib/python3.8/site-packages/turtlebot3_navigation-0.0.0-py3.8.egg-info' (and everything under it)
[1.060s] Copying /home/gustavo/workspace/build/turtlebot3_navigation/turtlebot3_navigation.egg-info to /home/gustavo/workspace/install/turtlebot3_navigation/lib/python3.8/site-packages/turtlebot3_navigation-0.0.0-py3.8.egg-info
[1.061s] running install_scripts
[1.082s] Installing navigation_node script to /home/gustavo/workspace/install/turtlebot3_navigation/lib/turtlebot3_navigation
[1.083s] writing list of installed files to '/home/gustavo/workspace/build/turtlebot3_navigation/install.log'
[1.123s] Invoked command in '/home/gustavo/workspace/src/myturtlebot3/turtlebot3_navigation' returned '0': PYTHONPATH=/home/gustavo/workspace/install/turtlebot3_navigation/lib/python3.8/site-packages:${PYTHONPATH} /usr/bin/python3 setup.py egg_info --egg-base /home/gustavo/workspace/build/turtlebot3_navigation build --build-base /home/gustavo/workspace/build/turtlebot3_navigation/build install --prefix /home/gustavo/workspace/install/turtlebot3_navigation --record /home/gustavo/workspace/build/turtlebot3_navigation/install.log --single-version-externally-managed
