[0.814s] Invoking command in '/home/gustavo/workspace/src/myturtlebot3/velocity_publisher': PYTHONPATH=/home/gustavo/workspace/install/velocity_publisher/lib/python3.8/site-packages:${PYTHONPATH} /usr/bin/python3 setup.py egg_info --egg-base /home/gustavo/workspace/build/velocity_publisher build --build-base /home/gustavo/workspace/build/velocity_publisher/build install --prefix /home/gustavo/workspace/install/velocity_publisher --record /home/gustavo/workspace/build/velocity_publisher/install.log --single-version-externally-managed
[1.169s] running egg_info
[1.170s] writing /home/gustavo/workspace/build/velocity_publisher/velocity_publisher.egg-info/PKG-INFO
[1.170s] writing dependency_links to /home/gustavo/workspace/build/velocity_publisher/velocity_publisher.egg-info/dependency_links.txt
[1.170s] writing entry points to /home/gustavo/workspace/build/velocity_publisher/velocity_publisher.egg-info/entry_points.txt
[1.170s] writing requirements to /home/gustavo/workspace/build/velocity_publisher/velocity_publisher.egg-info/requires.txt
[1.171s] writing top-level names to /home/gustavo/workspace/build/velocity_publisher/velocity_publisher.egg-info/top_level.txt
[1.217s] reading manifest file '/home/gustavo/workspace/build/velocity_publisher/velocity_publisher.egg-info/SOURCES.txt'
[1.219s] writing manifest file '/home/gustavo/workspace/build/velocity_publisher/velocity_publisher.egg-info/SOURCES.txt'
[1.219s] running build
[1.219s] running build_py
[1.220s] running install
[1.221s] running install_lib
[1.223s] running install_data
[1.224s] running install_egg_info
[1.225s] removing '/home/gustavo/workspace/install/velocity_publisher/lib/python3.8/site-packages/velocity_publisher-0.0.1-py3.8.egg-info' (and everything under it)
[1.226s] Copying /home/gustavo/workspace/build/velocity_publisher/velocity_publisher.egg-info to /home/gustavo/workspace/install/velocity_publisher/lib/python3.8/site-packages/velocity_publisher-0.0.1-py3.8.egg-info
[1.227s] running install_scripts
[1.247s] Installing velocity_publisher script to /home/gustavo/workspace/install/velocity_publisher/lib/velocity_publisher
[1.247s] writing list of installed files to '/home/gustavo/workspace/build/velocity_publisher/install.log'
[1.282s] Invoked command in '/home/gustavo/workspace/src/myturtlebot3/velocity_publisher' returned '0': PYTHONPATH=/home/gustavo/workspace/install/velocity_publisher/lib/python3.8/site-packages:${PYTHONPATH} /usr/bin/python3 setup.py egg_info --egg-base /home/gustavo/workspace/build/velocity_publisher build --build-base /home/gustavo/workspace/build/velocity_publisher/build install --prefix /home/gustavo/workspace/install/velocity_publisher --record /home/gustavo/workspace/build/velocity_publisher/install.log --single-version-externally-managed
