[0.477s] Invoking command in '/home/gustavo/workspace/src/myturtlebot3/scan_reader': PYTHONPATH=/home/gustavo/workspace/install/scan_reader/lib/python3.8/site-packages:${PYTHONPATH} /usr/bin/python3 setup.py egg_info --egg-base /home/gustavo/workspace/build/scan_reader build --build-base /home/gustavo/workspace/build/scan_reader/build install --prefix /home/gustavo/workspace/install/scan_reader --record /home/gustavo/workspace/build/scan_reader/install.log --single-version-externally-managed
[0.706s] running egg_info
[0.706s] writing /home/gustavo/workspace/build/scan_reader/scan_reader.egg-info/PKG-INFO
[0.707s] writing dependency_links to /home/gustavo/workspace/build/scan_reader/scan_reader.egg-info/dependency_links.txt
[0.707s] writing entry points to /home/gustavo/workspace/build/scan_reader/scan_reader.egg-info/entry_points.txt
[0.707s] writing requirements to /home/gustavo/workspace/build/scan_reader/scan_reader.egg-info/requires.txt
[0.707s] writing top-level names to /home/gustavo/workspace/build/scan_reader/scan_reader.egg-info/top_level.txt
[0.739s] reading manifest file '/home/gustavo/workspace/build/scan_reader/scan_reader.egg-info/SOURCES.txt'
[0.739s] writing manifest file '/home/gustavo/workspace/build/scan_reader/scan_reader.egg-info/SOURCES.txt'
[0.740s] running build
[0.740s] running build_py
[0.740s] copying scan_reader/scan_reader.py -> /home/gustavo/workspace/build/scan_reader/build/lib/scan_reader
[0.740s] running install
[0.741s] running install_lib
[0.742s] copying /home/gustavo/workspace/build/scan_reader/build/lib/scan_reader/scan_reader.py -> /home/gustavo/workspace/install/scan_reader/lib/python3.8/site-packages/scan_reader
[0.742s] byte-compiling /home/gustavo/workspace/install/scan_reader/lib/python3.8/site-packages/scan_reader/scan_reader.py to scan_reader.cpython-38.pyc
[0.744s] running install_data
[0.744s] running install_egg_info
[0.746s] removing '/home/gustavo/workspace/install/scan_reader/lib/python3.8/site-packages/scan_reader-0.0.0-py3.8.egg-info' (and everything under it)
[0.746s] Copying /home/gustavo/workspace/build/scan_reader/scan_reader.egg-info to /home/gustavo/workspace/install/scan_reader/lib/python3.8/site-packages/scan_reader-0.0.0-py3.8.egg-info
[0.747s] running install_scripts
[0.764s] Installing laser_publisher script to /home/gustavo/workspace/install/scan_reader/lib/scan_reader
[0.765s] Installing scan_reader script to /home/gustavo/workspace/install/scan_reader/lib/scan_reader
[0.765s] writing list of installed files to '/home/gustavo/workspace/build/scan_reader/install.log'
[0.790s] Invoked command in '/home/gustavo/workspace/src/myturtlebot3/scan_reader' returned '0': PYTHONPATH=/home/gustavo/workspace/install/scan_reader/lib/python3.8/site-packages:${PYTHONPATH} /usr/bin/python3 setup.py egg_info --egg-base /home/gustavo/workspace/build/scan_reader build --build-base /home/gustavo/workspace/build/scan_reader/build install --prefix /home/gustavo/workspace/install/scan_reader --record /home/gustavo/workspace/build/scan_reader/install.log --single-version-externally-managed
