[0.155s] DEBUG:colcon:Command line arguments: ['/usr/bin/colcon', 'build']
[0.155s] DEBUG:colcon:Parsed command line arguments: Namespace(ament_cmake_args=None, base_paths=['.'], build_base='build', catkin_cmake_args=None, catkin_skip_building_tests=False, cmake_args=None, cmake_clean_cache=False, cmake_clean_first=False, cmake_force_configure=False, cmake_target=None, cmake_target_skip_unavailable=False, continue_on_error=False, event_handlers=None, executor='parallel', ignore_user_meta=False, install_base='install', log_base=None, log_level=None, main=<bound method BuildVerb.main of <colcon_core.verb.build.BuildVerb object at 0x7f114bd5e7c0>>, merge_install=False, metas=['./colcon.meta'], packages_above=None, packages_above_and_dependencies=None, packages_above_depth=None, packages_end=None, packages_ignore=None, packages_ignore_regex=None, packages_select=None, packages_select_build_failed=False, packages_select_by_dep=None, packages_select_regex=None, packages_select_test_failures=False, packages_skip=None, packages_skip_build_finished=False, packages_skip_by_dep=None, packages_skip_regex=None, packages_skip_test_passed=False, packages_skip_up_to=None, packages_start=None, packages_up_to=None, packages_up_to_regex=None, parallel_workers=8, paths=None, symlink_install=False, test_result_base=None, verb_extension=<colcon_core.verb.build.BuildVerb object at 0x7f114bd5e7c0>, verb_name='build', verb_parser=<colcon_defaults.argument_parser.defaults.DefaultArgumentsDecorator object at 0x7f114bd664c0>)
[0.173s] Level 1:colcon.colcon_core.package_discovery:discover_packages(colcon_meta) check parameters
[0.174s] Level 1:colcon.colcon_core.package_discovery:discover_packages(recursive) check parameters
[0.174s] Level 1:colcon.colcon_core.package_discovery:discover_packages(ignore) check parameters
[0.174s] Level 1:colcon.colcon_core.package_discovery:discover_packages(path) check parameters
[0.174s] Level 1:colcon.colcon_core.package_discovery:discover_packages(colcon_meta) discover
[0.174s] Level 1:colcon.colcon_core.package_discovery:discover_packages(recursive) discover
[0.174s] INFO:colcon.colcon_core.package_discovery:Crawling recursively for packages in '/home/gustavo/workspace'
[0.174s] Level 1:colcon.colcon_core.package_identification:_identify(.) by extensions ['ignore', 'ignore_ament_install']
[0.174s] Level 1:colcon.colcon_core.package_identification:_identify(.) by extension 'ignore'
[0.174s] Level 1:colcon.colcon_core.package_identification:_identify(.) by extension 'ignore_ament_install'
[0.174s] Level 1:colcon.colcon_core.package_identification:_identify(.) by extensions ['colcon_pkg']
[0.174s] Level 1:colcon.colcon_core.package_identification:_identify(.) by extension 'colcon_pkg'
[0.174s] Level 1:colcon.colcon_core.package_identification:_identify(.) by extensions ['colcon_meta']
[0.174s] Level 1:colcon.colcon_core.package_identification:_identify(.) by extension 'colcon_meta'
[0.174s] Level 1:colcon.colcon_core.package_identification:_identify(.) by extensions ['ros']
[0.174s] Level 1:colcon.colcon_core.package_identification:_identify(.) by extension 'ros'
[0.185s] Level 1:colcon.colcon_core.package_identification:_identify(.) by extensions ['cmake', 'python']
[0.185s] Level 1:colcon.colcon_core.package_identification:_identify(.) by extension 'cmake'
[0.185s] Level 1:colcon.colcon_core.package_identification:_identify(.) by extension 'python'
[0.185s] Level 1:colcon.colcon_core.package_identification:_identify(.) by extensions ['python_setup_py']
[0.185s] Level 1:colcon.colcon_core.package_identification:_identify(.) by extension 'python_setup_py'
[0.186s] Level 1:colcon.colcon_core.package_identification:_identify(build) by extensions ['ignore', 'ignore_ament_install']
[0.186s] Level 1:colcon.colcon_core.package_identification:_identify(build) by extension 'ignore'
[0.186s] Level 1:colcon.colcon_core.package_identification:_identify(build) ignored
[0.186s] Level 1:colcon.colcon_core.package_identification:_identify(install) by extensions ['ignore', 'ignore_ament_install']
[0.186s] Level 1:colcon.colcon_core.package_identification:_identify(install) by extension 'ignore'
[0.186s] Level 1:colcon.colcon_core.package_identification:_identify(install) ignored
[0.186s] Level 1:colcon.colcon_core.package_identification:_identify(log) by extensions ['ignore', 'ignore_ament_install']
[0.186s] Level 1:colcon.colcon_core.package_identification:_identify(log) by extension 'ignore'
[0.186s] Level 1:colcon.colcon_core.package_identification:_identify(log) ignored
[0.186s] Level 1:colcon.colcon_core.package_identification:_identify(src) by extensions ['ignore', 'ignore_ament_install']
[0.186s] Level 1:colcon.colcon_core.package_identification:_identify(src) by extension 'ignore'
[0.186s] Level 1:colcon.colcon_core.package_identification:_identify(src) by extension 'ignore_ament_install'
[0.186s] Level 1:colcon.colcon_core.package_identification:_identify(src) by extensions ['colcon_pkg']
[0.186s] Level 1:colcon.colcon_core.package_identification:_identify(src) by extension 'colcon_pkg'
[0.187s] Level 1:colcon.colcon_core.package_identification:_identify(src) by extensions ['colcon_meta']
[0.187s] Level 1:colcon.colcon_core.package_identification:_identify(src) by extension 'colcon_meta'
[0.187s] Level 1:colcon.colcon_core.package_identification:_identify(src) by extensions ['ros']
[0.187s] Level 1:colcon.colcon_core.package_identification:_identify(src) by extension 'ros'
[0.187s] Level 1:colcon.colcon_core.package_identification:_identify(src) by extensions ['cmake', 'python']
[0.187s] Level 1:colcon.colcon_core.package_identification:_identify(src) by extension 'cmake'
[0.187s] Level 1:colcon.colcon_core.package_identification:_identify(src) by extension 'python'
[0.187s] Level 1:colcon.colcon_core.package_identification:_identify(src) by extensions ['python_setup_py']
[0.187s] Level 1:colcon.colcon_core.package_identification:_identify(src) by extension 'python_setup_py'
[0.187s] Level 1:colcon.colcon_core.package_identification:_identify(src/myturtlebot3) by extensions ['ignore', 'ignore_ament_install']
[0.187s] Level 1:colcon.colcon_core.package_identification:_identify(src/myturtlebot3) by extension 'ignore'
[0.187s] Level 1:colcon.colcon_core.package_identification:_identify(src/myturtlebot3) by extension 'ignore_ament_install'
[0.187s] Level 1:colcon.colcon_core.package_identification:_identify(src/myturtlebot3) by extensions ['colcon_pkg']
[0.187s] Level 1:colcon.colcon_core.package_identification:_identify(src/myturtlebot3) by extension 'colcon_pkg'
[0.187s] Level 1:colcon.colcon_core.package_identification:_identify(src/myturtlebot3) by extensions ['colcon_meta']
[0.187s] Level 1:colcon.colcon_core.package_identification:_identify(src/myturtlebot3) by extension 'colcon_meta'
[0.187s] Level 1:colcon.colcon_core.package_identification:_identify(src/myturtlebot3) by extensions ['ros']
[0.187s] Level 1:colcon.colcon_core.package_identification:_identify(src/myturtlebot3) by extension 'ros'
[0.187s] Level 1:colcon.colcon_core.package_identification:_identify(src/myturtlebot3) by extensions ['cmake', 'python']
[0.187s] Level 1:colcon.colcon_core.package_identification:_identify(src/myturtlebot3) by extension 'cmake'
[0.187s] Level 1:colcon.colcon_core.package_identification:_identify(src/myturtlebot3) by extension 'python'
[0.188s] Level 1:colcon.colcon_core.package_identification:_identify(src/myturtlebot3) by extensions ['python_setup_py']
[0.188s] Level 1:colcon.colcon_core.package_identification:_identify(src/myturtlebot3) by extension 'python_setup_py'
[0.188s] Level 1:colcon.colcon_core.package_identification:_identify(src/myturtlebot3/scan_reader) by extensions ['ignore', 'ignore_ament_install']
[0.188s] Level 1:colcon.colcon_core.package_identification:_identify(src/myturtlebot3/scan_reader) by extension 'ignore'
[0.188s] Level 1:colcon.colcon_core.package_identification:_identify(src/myturtlebot3/scan_reader) by extension 'ignore_ament_install'
[0.188s] Level 1:colcon.colcon_core.package_identification:_identify(src/myturtlebot3/scan_reader) by extensions ['colcon_pkg']
[0.188s] Level 1:colcon.colcon_core.package_identification:_identify(src/myturtlebot3/scan_reader) by extension 'colcon_pkg'
[0.188s] Level 1:colcon.colcon_core.package_identification:_identify(src/myturtlebot3/scan_reader) by extensions ['colcon_meta']
[0.188s] Level 1:colcon.colcon_core.package_identification:_identify(src/myturtlebot3/scan_reader) by extension 'colcon_meta'
[0.188s] Level 1:colcon.colcon_core.package_identification:_identify(src/myturtlebot3/scan_reader) by extensions ['ros']
[0.188s] Level 1:colcon.colcon_core.package_identification:_identify(src/myturtlebot3/scan_reader) by extension 'ros'
[0.191s] DEBUG:colcon.colcon_core.package_identification:Package 'src/myturtlebot3/scan_reader' with type 'ros.ament_python' and name 'scan_reader'
[0.191s] Level 1:colcon.colcon_core.package_identification:_identify(src/myturtlebot3/turtlebot3_navigation) by extensions ['ignore', 'ignore_ament_install']
[0.191s] Level 1:colcon.colcon_core.package_identification:_identify(src/myturtlebot3/turtlebot3_navigation) by extension 'ignore'
[0.191s] Level 1:colcon.colcon_core.package_identification:_identify(src/myturtlebot3/turtlebot3_navigation) by extension 'ignore_ament_install'
[0.191s] Level 1:colcon.colcon_core.package_identification:_identify(src/myturtlebot3/turtlebot3_navigation) by extensions ['colcon_pkg']
[0.191s] Level 1:colcon.colcon_core.package_identification:_identify(src/myturtlebot3/turtlebot3_navigation) by extension 'colcon_pkg'
[0.191s] Level 1:colcon.colcon_core.package_identification:_identify(src/myturtlebot3/turtlebot3_navigation) by extensions ['colcon_meta']
[0.191s] Level 1:colcon.colcon_core.package_identification:_identify(src/myturtlebot3/turtlebot3_navigation) by extension 'colcon_meta'
[0.191s] Level 1:colcon.colcon_core.package_identification:_identify(src/myturtlebot3/turtlebot3_navigation) by extensions ['ros']
[0.191s] Level 1:colcon.colcon_core.package_identification:_identify(src/myturtlebot3/turtlebot3_navigation) by extension 'ros'
[0.192s] DEBUG:colcon.colcon_core.package_identification:Package 'src/myturtlebot3/turtlebot3_navigation' with type 'ros.ament_python' and name 'turtlebot3_navigation'
[0.192s] Level 1:colcon.colcon_core.package_identification:_identify(src/myturtlebot3/velocity_publisher) by extensions ['ignore', 'ignore_ament_install']
[0.192s] Level 1:colcon.colcon_core.package_identification:_identify(src/myturtlebot3/velocity_publisher) by extension 'ignore'
[0.192s] Level 1:colcon.colcon_core.package_identification:_identify(src/myturtlebot3/velocity_publisher) by extension 'ignore_ament_install'
[0.192s] Level 1:colcon.colcon_core.package_identification:_identify(src/myturtlebot3/velocity_publisher) by extensions ['colcon_pkg']
[0.192s] Level 1:colcon.colcon_core.package_identification:_identify(src/myturtlebot3/velocity_publisher) by extension 'colcon_pkg'
[0.193s] Level 1:colcon.colcon_core.package_identification:_identify(src/myturtlebot3/velocity_publisher) by extensions ['colcon_meta']
[0.193s] Level 1:colcon.colcon_core.package_identification:_identify(src/myturtlebot3/velocity_publisher) by extension 'colcon_meta'
[0.193s] Level 1:colcon.colcon_core.package_identification:_identify(src/myturtlebot3/velocity_publisher) by extensions ['ros']
[0.193s] Level 1:colcon.colcon_core.package_identification:_identify(src/myturtlebot3/velocity_publisher) by extension 'ros'
[0.193s] DEBUG:colcon.colcon_core.package_identification:Package 'src/myturtlebot3/velocity_publisher' with type 'ros.ament_python' and name 'velocity_publisher'
[0.193s] Level 1:colcon.colcon_core.package_discovery:discover_packages(recursive) using defaults
[0.193s] Level 1:colcon.colcon_core.package_discovery:discover_packages(ignore) discover
[0.193s] Level 1:colcon.colcon_core.package_discovery:discover_packages(ignore) using defaults
[0.193s] Level 1:colcon.colcon_core.package_discovery:discover_packages(path) discover
[0.193s] Level 1:colcon.colcon_core.package_discovery:discover_packages(path) using defaults
[0.198s] Level 5:colcon.colcon_core.verb:set package 'scan_reader' build argument 'cmake_args' from command line to 'None'
[0.198s] Level 5:colcon.colcon_core.verb:set package 'scan_reader' build argument 'cmake_target' from command line to 'None'
[0.198s] Level 5:colcon.colcon_core.verb:set package 'scan_reader' build argument 'cmake_target_skip_unavailable' from command line to 'False'
[0.198s] Level 5:colcon.colcon_core.verb:set package 'scan_reader' build argument 'cmake_clean_cache' from command line to 'False'
[0.198s] Level 5:colcon.colcon_core.verb:set package 'scan_reader' build argument 'cmake_clean_first' from command line to 'False'
[0.198s] Level 5:colcon.colcon_core.verb:set package 'scan_reader' build argument 'cmake_force_configure' from command line to 'False'
[0.199s] Level 5:colcon.colcon_core.verb:set package 'scan_reader' build argument 'ament_cmake_args' from command line to 'None'
[0.199s] Level 5:colcon.colcon_core.verb:set package 'scan_reader' build argument 'catkin_cmake_args' from command line to 'None'
[0.199s] Level 5:colcon.colcon_core.verb:set package 'scan_reader' build argument 'catkin_skip_building_tests' from command line to 'False'
[0.199s] DEBUG:colcon.colcon_core.verb:Building package 'scan_reader' with the following arguments: {'ament_cmake_args': None, 'build_base': '/home/gustavo/workspace/build/scan_reader', 'catkin_cmake_args': None, 'catkin_skip_building_tests': False, 'cmake_args': None, 'cmake_clean_cache': False, 'cmake_clean_first': False, 'cmake_force_configure': False, 'cmake_target': None, 'cmake_target_skip_unavailable': False, 'install_base': '/home/gustavo/workspace/install/scan_reader', 'merge_install': False, 'path': '/home/gustavo/workspace/src/myturtlebot3/scan_reader', 'symlink_install': False, 'test_result_base': None}
[0.201s] Level 5:colcon.colcon_core.verb:set package 'turtlebot3_navigation' build argument 'cmake_args' from command line to 'None'
[0.201s] Level 5:colcon.colcon_core.verb:set package 'turtlebot3_navigation' build argument 'cmake_target' from command line to 'None'
[0.201s] Level 5:colcon.colcon_core.verb:set package 'turtlebot3_navigation' build argument 'cmake_target_skip_unavailable' from command line to 'False'
[0.201s] Level 5:colcon.colcon_core.verb:set package 'turtlebot3_navigation' build argument 'cmake_clean_cache' from command line to 'False'
[0.201s] Level 5:colcon.colcon_core.verb:set package 'turtlebot3_navigation' build argument 'cmake_clean_first' from command line to 'False'
[0.201s] Level 5:colcon.colcon_core.verb:set package 'turtlebot3_navigation' build argument 'cmake_force_configure' from command line to 'False'
[0.201s] Level 5:colcon.colcon_core.verb:set package 'turtlebot3_navigation' build argument 'ament_cmake_args' from command line to 'None'
[0.201s] Level 5:colcon.colcon_core.verb:set package 'turtlebot3_navigation' build argument 'catkin_cmake_args' from command line to 'None'
[0.201s] Level 5:colcon.colcon_core.verb:set package 'turtlebot3_navigation' build argument 'catkin_skip_building_tests' from command line to 'False'
[0.201s] DEBUG:colcon.colcon_core.verb:Building package 'turtlebot3_navigation' with the following arguments: {'ament_cmake_args': None, 'build_base': '/home/gustavo/workspace/build/turtlebot3_navigation', 'catkin_cmake_args': None, 'catkin_skip_building_tests': False, 'cmake_args': None, 'cmake_clean_cache': False, 'cmake_clean_first': False, 'cmake_force_configure': False, 'cmake_target': None, 'cmake_target_skip_unavailable': False, 'install_base': '/home/gustavo/workspace/install/turtlebot3_navigation', 'merge_install': False, 'path': '/home/gustavo/workspace/src/myturtlebot3/turtlebot3_navigation', 'symlink_install': False, 'test_result_base': None}
[0.204s] Level 5:colcon.colcon_core.verb:set package 'velocity_publisher' build argument 'cmake_args' from command line to 'None'
[0.204s] Level 5:colcon.colcon_core.verb:set package 'velocity_publisher' build argument 'cmake_target' from command line to 'None'
[0.204s] Level 5:colcon.colcon_core.verb:set package 'velocity_publisher' build argument 'cmake_target_skip_unavailable' from command line to 'False'
[0.204s] Level 5:colcon.colcon_core.verb:set package 'velocity_publisher' build argument 'cmake_clean_cache' from command line to 'False'
[0.204s] Level 5:colcon.colcon_core.verb:set package 'velocity_publisher' build argument 'cmake_clean_first' from command line to 'False'
[0.204s] Level 5:colcon.colcon_core.verb:set package 'velocity_publisher' build argument 'cmake_force_configure' from command line to 'False'
[0.204s] Level 5:colcon.colcon_core.verb:set package 'velocity_publisher' build argument 'ament_cmake_args' from command line to 'None'
[0.204s] Level 5:colcon.colcon_core.verb:set package 'velocity_publisher' build argument 'catkin_cmake_args' from command line to 'None'
[0.204s] Level 5:colcon.colcon_core.verb:set package 'velocity_publisher' build argument 'catkin_skip_building_tests' from command line to 'False'
[0.204s] DEBUG:colcon.colcon_core.verb:Building package 'velocity_publisher' with the following arguments: {'ament_cmake_args': None, 'build_base': '/home/gustavo/workspace/build/velocity_publisher', 'catkin_cmake_args': None, 'catkin_skip_building_tests': False, 'cmake_args': None, 'cmake_clean_cache': False, 'cmake_clean_first': False, 'cmake_force_configure': False, 'cmake_target': None, 'cmake_target_skip_unavailable': False, 'install_base': '/home/gustavo/workspace/install/velocity_publisher', 'merge_install': False, 'path': '/home/gustavo/workspace/src/myturtlebot3/velocity_publisher', 'symlink_install': False, 'test_result_base': None}
[0.204s] INFO:colcon.colcon_core.executor:Executing jobs using 'parallel' executor
[0.207s] DEBUG:colcon.colcon_parallel_executor.executor.parallel:run_until_complete
[0.207s] INFO:colcon.colcon_ros.task.ament_python.build:Building ROS package in '/home/gustavo/workspace/src/myturtlebot3/scan_reader' with build type 'ament_python'
[0.207s] Level 1:colcon.colcon_core.shell:create_environment_hook('scan_reader', 'ament_prefix_path')
[0.212s] INFO:colcon.colcon_core.plugin_system:Skipping extension 'colcon_core.shell.bat': Not used on non-Windows systems
[0.212s] INFO:colcon.colcon_core.shell:Creating environment hook '/home/gustavo/workspace/install/scan_reader/share/scan_reader/hook/ament_prefix_path.ps1'
[0.213s] INFO:colcon.colcon_core.shell:Creating environment descriptor '/home/gustavo/workspace/install/scan_reader/share/scan_reader/hook/ament_prefix_path.dsv'
[0.213s] INFO:colcon.colcon_core.shell:Creating environment hook '/home/gustavo/workspace/install/scan_reader/share/scan_reader/hook/ament_prefix_path.sh'
[0.215s] INFO:colcon.colcon_core.shell:Skip shell extension 'powershell' for command environment: Not usable outside of PowerShell
[0.215s] DEBUG:colcon.colcon_core.shell:Skip shell extension 'dsv' for command environment
[0.219s] DEBUG:colcon.colcon_core.shell:Ignoring prefix path '/opt/ros/foxy'
[0.223s] INFO:colcon.colcon_ros.task.ament_python.build:Building ROS package in '/home/gustavo/workspace/src/myturtlebot3/turtlebot3_navigation' with build type 'ament_python'
[0.223s] Level 1:colcon.colcon_core.shell:create_environment_hook('turtlebot3_navigation', 'ament_prefix_path')
[0.225s] INFO:colcon.colcon_core.shell:Creating environment hook '/home/gustavo/workspace/install/turtlebot3_navigation/share/turtlebot3_navigation/hook/ament_prefix_path.ps1'
[0.225s] INFO:colcon.colcon_core.shell:Creating environment descriptor '/home/gustavo/workspace/install/turtlebot3_navigation/share/turtlebot3_navigation/hook/ament_prefix_path.dsv'
[0.226s] INFO:colcon.colcon_core.shell:Creating environment hook '/home/gustavo/workspace/install/turtlebot3_navigation/share/turtlebot3_navigation/hook/ament_prefix_path.sh'
[0.227s] INFO:colcon.colcon_core.shell:Skip shell extension 'powershell' for command environment: Not usable outside of PowerShell
[0.227s] DEBUG:colcon.colcon_core.shell:Skip shell extension 'dsv' for command environment
[0.230s] DEBUG:colcon.colcon_core.shell:Ignoring prefix path '/opt/ros/foxy'
[0.233s] INFO:colcon.colcon_ros.task.ament_python.build:Building ROS package in '/home/gustavo/workspace/src/myturtlebot3/velocity_publisher' with build type 'ament_python'
[0.233s] Level 1:colcon.colcon_core.shell:create_environment_hook('velocity_publisher', 'ament_prefix_path')
[0.234s] INFO:colcon.colcon_core.shell:Creating environment hook '/home/gustavo/workspace/install/velocity_publisher/share/velocity_publisher/hook/ament_prefix_path.ps1'
[0.235s] INFO:colcon.colcon_core.shell:Creating environment descriptor '/home/gustavo/workspace/install/velocity_publisher/share/velocity_publisher/hook/ament_prefix_path.dsv'
[0.236s] INFO:colcon.colcon_core.shell:Creating environment hook '/home/gustavo/workspace/install/velocity_publisher/share/velocity_publisher/hook/ament_prefix_path.sh'
[0.237s] INFO:colcon.colcon_core.shell:Skip shell extension 'powershell' for command environment: Not usable outside of PowerShell
[0.237s] DEBUG:colcon.colcon_core.shell:Skip shell extension 'dsv' for command environment
[0.240s] DEBUG:colcon.colcon_core.shell:Ignoring prefix path '/opt/ros/foxy'
[0.484s] INFO:colcon.colcon_core.task.python.build:Building Python package in '/home/gustavo/workspace/src/myturtlebot3/scan_reader'
[0.485s] INFO:colcon.colcon_core.shell:Skip shell extension 'powershell' for command environment: Not usable outside of PowerShell
[0.485s] DEBUG:colcon.colcon_core.shell:Skip shell extension 'dsv' for command environment
[0.488s] DEBUG:colcon.colcon_core.shell:Ignoring prefix path '/opt/ros/foxy'
[0.737s] INFO:colcon.colcon_core.task.python.build:Building Python package in '/home/gustavo/workspace/src/myturtlebot3/turtlebot3_navigation'
[0.738s] INFO:colcon.colcon_core.shell:Skip shell extension 'powershell' for command environment: Not usable outside of PowerShell
[0.739s] DEBUG:colcon.colcon_core.shell:Skip shell extension 'dsv' for command environment
[0.741s] DEBUG:colcon.colcon_core.shell:Ignoring prefix path '/opt/ros/foxy'
[0.976s] INFO:colcon.colcon_core.task.python.build:Building Python package in '/home/gustavo/workspace/src/myturtlebot3/velocity_publisher'
[0.977s] INFO:colcon.colcon_core.shell:Skip shell extension 'powershell' for command environment: Not usable outside of PowerShell
[0.977s] DEBUG:colcon.colcon_core.shell:Skip shell extension 'dsv' for command environment
[0.980s] DEBUG:colcon.colcon_core.shell:Ignoring prefix path '/opt/ros/foxy'
[0.987s] DEBUG:colcon.colcon_core.event_handler.log_command:Invoking command in '/home/gustavo/workspace/src/myturtlebot3/scan_reader': PYTHONPATH=/home/gustavo/workspace/install/scan_reader/lib/python3.8/site-packages:${PYTHONPATH} /usr/bin/python3 setup.py egg_info --egg-base /home/gustavo/workspace/build/scan_reader build --build-base /home/gustavo/workspace/build/scan_reader/build install --prefix /home/gustavo/workspace/install/scan_reader --record /home/gustavo/workspace/build/scan_reader/install.log --single-version-externally-managed
[0.997s] DEBUG:colcon.colcon_core.event_handler.log_command:Invoking command in '/home/gustavo/workspace/src/myturtlebot3/turtlebot3_navigation': PYTHONPATH=/home/gustavo/workspace/install/turtlebot3_navigation/lib/python3.8/site-packages:${PYTHONPATH} /usr/bin/python3 setup.py egg_info --egg-base /home/gustavo/workspace/build/turtlebot3_navigation build --build-base /home/gustavo/workspace/build/turtlebot3_navigation/build install --prefix /home/gustavo/workspace/install/turtlebot3_navigation --record /home/gustavo/workspace/build/turtlebot3_navigation/install.log --single-version-externally-managed
[1.001s] DEBUG:colcon.colcon_core.event_handler.log_command:Invoking command in '/home/gustavo/workspace/src/myturtlebot3/velocity_publisher': PYTHONPATH=/home/gustavo/workspace/install/velocity_publisher/lib/python3.8/site-packages:${PYTHONPATH} /usr/bin/python3 setup.py egg_info --egg-base /home/gustavo/workspace/build/velocity_publisher build --build-base /home/gustavo/workspace/build/velocity_publisher/build install --prefix /home/gustavo/workspace/install/velocity_publisher --record /home/gustavo/workspace/build/velocity_publisher/install.log --single-version-externally-managed
[1.343s] DEBUG:colcon.colcon_core.event_handler.log_command:Invoked command in '/home/gustavo/workspace/src/myturtlebot3/scan_reader' returned '0': PYTHONPATH=/home/gustavo/workspace/install/scan_reader/lib/python3.8/site-packages:${PYTHONPATH} /usr/bin/python3 setup.py egg_info --egg-base /home/gustavo/workspace/build/scan_reader build --build-base /home/gustavo/workspace/build/scan_reader/build install --prefix /home/gustavo/workspace/install/scan_reader --record /home/gustavo/workspace/build/scan_reader/install.log --single-version-externally-managed
[1.347s] Level 1:colcon.colcon_core.environment:checking '/home/gustavo/workspace/install/scan_reader' for CMake module files
[1.348s] Level 1:colcon.colcon_core.environment:checking '/home/gustavo/workspace/install/scan_reader' for CMake config files
[1.349s] Level 1:colcon.colcon_core.environment:checking '/home/gustavo/workspace/install/scan_reader/lib'
[1.349s] Level 1:colcon.colcon_core.environment:checking '/home/gustavo/workspace/install/scan_reader/bin'
[1.349s] Level 1:colcon.colcon_core.environment:checking '/home/gustavo/workspace/install/scan_reader/lib/pkgconfig/scan_reader.pc'
[1.350s] Level 1:colcon.colcon_core.environment:checking '/home/gustavo/workspace/install/scan_reader/lib/python3.8/site-packages'
[1.350s] Level 1:colcon.colcon_core.shell:create_environment_hook('scan_reader', 'pythonpath')
[1.350s] INFO:colcon.colcon_core.shell:Creating environment hook '/home/gustavo/workspace/install/scan_reader/share/scan_reader/hook/pythonpath.ps1'
[1.351s] INFO:colcon.colcon_core.shell:Creating environment descriptor '/home/gustavo/workspace/install/scan_reader/share/scan_reader/hook/pythonpath.dsv'
[1.351s] INFO:colcon.colcon_core.shell:Creating environment hook '/home/gustavo/workspace/install/scan_reader/share/scan_reader/hook/pythonpath.sh'
[1.352s] Level 1:colcon.colcon_core.environment:create_environment_scripts_only(scan_reader)
[1.352s] INFO:colcon.colcon_core.shell:Creating package script '/home/gustavo/workspace/install/scan_reader/share/scan_reader/package.ps1'
[1.354s] INFO:colcon.colcon_core.shell:Creating package descriptor '/home/gustavo/workspace/install/scan_reader/share/scan_reader/package.dsv'
[1.355s] INFO:colcon.colcon_core.shell:Creating package script '/home/gustavo/workspace/install/scan_reader/share/scan_reader/package.sh'
[1.356s] INFO:colcon.colcon_core.shell:Creating package script '/home/gustavo/workspace/install/scan_reader/share/scan_reader/package.bash'
[1.357s] INFO:colcon.colcon_core.shell:Creating package script '/home/gustavo/workspace/install/scan_reader/share/scan_reader/package.zsh'
[1.358s] Level 1:colcon.colcon_core.environment:create_file_with_runtime_dependencies(/home/gustavo/workspace/install/scan_reader/share/colcon-core/packages/scan_reader)
[1.361s] Level 1:colcon.colcon_core.environment:checking '/home/gustavo/workspace/install/turtlebot3_navigation' for CMake module files
[1.362s] DEBUG:colcon.colcon_core.event_handler.log_command:Invoked command in '/home/gustavo/workspace/src/myturtlebot3/turtlebot3_navigation' returned '0': PYTHONPATH=/home/gustavo/workspace/install/turtlebot3_navigation/lib/python3.8/site-packages:${PYTHONPATH} /usr/bin/python3 setup.py egg_info --egg-base /home/gustavo/workspace/build/turtlebot3_navigation build --build-base /home/gustavo/workspace/build/turtlebot3_navigation/build install --prefix /home/gustavo/workspace/install/turtlebot3_navigation --record /home/gustavo/workspace/build/turtlebot3_navigation/install.log --single-version-externally-managed
[1.362s] Level 1:colcon.colcon_core.environment:checking '/home/gustavo/workspace/install/turtlebot3_navigation' for CMake config files
[1.363s] Level 1:colcon.colcon_core.environment:checking '/home/gustavo/workspace/install/turtlebot3_navigation/lib'
[1.363s] Level 1:colcon.colcon_core.environment:checking '/home/gustavo/workspace/install/turtlebot3_navigation/bin'
[1.363s] Level 1:colcon.colcon_core.environment:checking '/home/gustavo/workspace/install/turtlebot3_navigation/lib/pkgconfig/turtlebot3_navigation.pc'
[1.363s] Level 1:colcon.colcon_core.environment:checking '/home/gustavo/workspace/install/turtlebot3_navigation/lib/python3.8/site-packages'
[1.363s] Level 1:colcon.colcon_core.shell:create_environment_hook('turtlebot3_navigation', 'pythonpath')
[1.364s] INFO:colcon.colcon_core.shell:Creating environment hook '/home/gustavo/workspace/install/turtlebot3_navigation/share/turtlebot3_navigation/hook/pythonpath.ps1'
[1.364s] INFO:colcon.colcon_core.shell:Creating environment descriptor '/home/gustavo/workspace/install/turtlebot3_navigation/share/turtlebot3_navigation/hook/pythonpath.dsv'
[1.365s] INFO:colcon.colcon_core.shell:Creating environment hook '/home/gustavo/workspace/install/turtlebot3_navigation/share/turtlebot3_navigation/hook/pythonpath.sh'
[1.365s] Level 1:colcon.colcon_core.environment:create_environment_scripts_only(turtlebot3_navigation)
[1.366s] INFO:colcon.colcon_core.shell:Creating package script '/home/gustavo/workspace/install/turtlebot3_navigation/share/turtlebot3_navigation/package.ps1'
[1.366s] INFO:colcon.colcon_core.shell:Creating package descriptor '/home/gustavo/workspace/install/turtlebot3_navigation/share/turtlebot3_navigation/package.dsv'
[1.367s] INFO:colcon.colcon_core.shell:Creating package script '/home/gustavo/workspace/install/turtlebot3_navigation/share/turtlebot3_navigation/package.sh'
[1.367s] INFO:colcon.colcon_core.shell:Creating package script '/home/gustavo/workspace/install/turtlebot3_navigation/share/turtlebot3_navigation/package.bash'
[1.368s] INFO:colcon.colcon_core.shell:Creating package script '/home/gustavo/workspace/install/turtlebot3_navigation/share/turtlebot3_navigation/package.zsh'
[1.368s] Level 1:colcon.colcon_core.environment:create_file_with_runtime_dependencies(/home/gustavo/workspace/install/turtlebot3_navigation/share/colcon-core/packages/turtlebot3_navigation)
[1.370s] Level 1:colcon.colcon_core.environment:checking '/home/gustavo/workspace/install/velocity_publisher' for CMake module files
[1.371s] DEBUG:colcon.colcon_core.event_handler.log_command:Invoked command in '/home/gustavo/workspace/src/myturtlebot3/velocity_publisher' returned '0': PYTHONPATH=/home/gustavo/workspace/install/velocity_publisher/lib/python3.8/site-packages:${PYTHONPATH} /usr/bin/python3 setup.py egg_info --egg-base /home/gustavo/workspace/build/velocity_publisher build --build-base /home/gustavo/workspace/build/velocity_publisher/build install --prefix /home/gustavo/workspace/install/velocity_publisher --record /home/gustavo/workspace/build/velocity_publisher/install.log --single-version-externally-managed
[1.372s] Level 1:colcon.colcon_core.environment:checking '/home/gustavo/workspace/install/velocity_publisher' for CMake config files
[1.372s] Level 1:colcon.colcon_core.environment:checking '/home/gustavo/workspace/install/velocity_publisher/lib'
[1.372s] Level 1:colcon.colcon_core.environment:checking '/home/gustavo/workspace/install/velocity_publisher/bin'
[1.373s] Level 1:colcon.colcon_core.environment:checking '/home/gustavo/workspace/install/velocity_publisher/lib/pkgconfig/velocity_publisher.pc'
[1.373s] Level 1:colcon.colcon_core.environment:checking '/home/gustavo/workspace/install/velocity_publisher/lib/python3.8/site-packages'
[1.373s] Level 1:colcon.colcon_core.shell:create_environment_hook('velocity_publisher', 'pythonpath')
[1.373s] INFO:colcon.colcon_core.shell:Creating environment hook '/home/gustavo/workspace/install/velocity_publisher/share/velocity_publisher/hook/pythonpath.ps1'
[1.374s] INFO:colcon.colcon_core.shell:Creating environment descriptor '/home/gustavo/workspace/install/velocity_publisher/share/velocity_publisher/hook/pythonpath.dsv'
[1.374s] INFO:colcon.colcon_core.shell:Creating environment hook '/home/gustavo/workspace/install/velocity_publisher/share/velocity_publisher/hook/pythonpath.sh'
[1.374s] Level 1:colcon.colcon_core.environment:create_environment_scripts_only(velocity_publisher)
[1.375s] INFO:colcon.colcon_core.shell:Creating package script '/home/gustavo/workspace/install/velocity_publisher/share/velocity_publisher/package.ps1'
[1.376s] INFO:colcon.colcon_core.shell:Creating package descriptor '/home/gustavo/workspace/install/velocity_publisher/share/velocity_publisher/package.dsv'
[1.377s] INFO:colcon.colcon_core.shell:Creating package script '/home/gustavo/workspace/install/velocity_publisher/share/velocity_publisher/package.sh'
[1.377s] INFO:colcon.colcon_core.shell:Creating package script '/home/gustavo/workspace/install/velocity_publisher/share/velocity_publisher/package.bash'
[1.378s] INFO:colcon.colcon_core.shell:Creating package script '/home/gustavo/workspace/install/velocity_publisher/share/velocity_publisher/package.zsh'
[1.378s] Level 1:colcon.colcon_core.environment:create_file_with_runtime_dependencies(/home/gustavo/workspace/install/velocity_publisher/share/colcon-core/packages/velocity_publisher)
[1.378s] DEBUG:colcon.colcon_parallel_executor.executor.parallel:closing loop
[1.379s] DEBUG:colcon.colcon_parallel_executor.executor.parallel:loop closed
[1.379s] DEBUG:colcon.colcon_parallel_executor.executor.parallel:run_until_complete finished with '0'
[1.379s] DEBUG:colcon.colcon_core.event_reactor:joining thread
[1.387s] INFO:colcon.colcon_core.plugin_system:Skipping extension 'colcon_notification.desktop_notification.terminal_notifier': Not used on non-Darwin systems
[1.387s] INFO:colcon.colcon_core.plugin_system:Skipping extension 'colcon_notification.desktop_notification.win32': Not used on non-Windows systems
[1.387s] INFO:colcon.colcon_notification.desktop_notification:Sending desktop notification using 'notify2'
[1.402s] DEBUG:colcon.colcon_core.event_reactor:joined thread
[1.403s] INFO:colcon.colcon_core.shell:Creating prefix script '/home/gustavo/workspace/install/local_setup.ps1'
[1.404s] INFO:colcon.colcon_core.shell:Creating prefix util module '/home/gustavo/workspace/install/_local_setup_util_ps1.py'
[1.406s] INFO:colcon.colcon_core.shell:Creating prefix chain script '/home/gustavo/workspace/install/setup.ps1'
[1.409s] INFO:colcon.colcon_core.shell:Creating prefix script '/home/gustavo/workspace/install/local_setup.sh'
[1.410s] INFO:colcon.colcon_core.shell:Creating prefix util module '/home/gustavo/workspace/install/_local_setup_util_sh.py'
[1.410s] INFO:colcon.colcon_core.shell:Creating prefix chain script '/home/gustavo/workspace/install/setup.sh'
[1.413s] INFO:colcon.colcon_core.shell:Creating prefix script '/home/gustavo/workspace/install/local_setup.bash'
[1.414s] INFO:colcon.colcon_core.shell:Creating prefix chain script '/home/gustavo/workspace/install/setup.bash'
[1.416s] INFO:colcon.colcon_core.shell:Creating prefix script '/home/gustavo/workspace/install/local_setup.zsh'
[1.417s] INFO:colcon.colcon_core.shell:Creating prefix chain script '/home/gustavo/workspace/install/setup.zsh'
