[1.177s] DEBUG:colcon:Command line arguments: ['/usr/bin/colcon', 'build']
[1.177s] DEBUG:colcon:Parsed command line arguments: Namespace(ament_cmake_args=None, base_paths=['.'], build_base='build', catkin_cmake_args=None, catkin_skip_building_tests=False, cmake_args=None, cmake_clean_cache=False, cmake_clean_first=False, cmake_force_configure=False, cmake_target=None, cmake_target_skip_unavailable=False, continue_on_error=False, event_handlers=None, executor='parallel', ignore_user_meta=False, install_base='install', log_base=None, log_level=None, main=<bound method BuildVerb.main of <colcon_core.verb.build.BuildVerb object at 0x7ff6623b2130>>, merge_install=False, metas=['./colcon.meta'], packages_above=None, packages_above_and_dependencies=None, packages_above_depth=None, packages_end=None, packages_ignore=None, packages_ignore_regex=None, packages_select=None, packages_select_build_failed=False, packages_select_by_dep=None, packages_select_regex=None, packages_select_test_failures=False, packages_skip=None, packages_skip_build_finished=False, packages_skip_by_dep=None, packages_skip_regex=None, packages_skip_test_passed=False, packages_skip_up_to=None, packages_start=None, packages_up_to=None, packages_up_to_regex=None, parallel_workers=8, paths=None, symlink_install=False, test_result_base=None, verb_extension=<colcon_core.verb.build.BuildVerb object at 0x7ff6623b2130>, verb_name='build', verb_parser=<colcon_defaults.argument_parser.defaults.DefaultArgumentsDecorator object at 0x7ff6623b2670>)
[1.368s] Level 1:colcon.colcon_core.package_discovery:discover_packages(colcon_meta) check parameters
[1.368s] Level 1:colcon.colcon_core.package_discovery:discover_packages(recursive) check parameters
[1.368s] Level 1:colcon.colcon_core.package_discovery:discover_packages(ignore) check parameters
[1.368s] Level 1:colcon.colcon_core.package_discovery:discover_packages(path) check parameters
[1.368s] Level 1:colcon.colcon_core.package_discovery:discover_packages(colcon_meta) discover
[1.368s] Level 1:colcon.colcon_core.package_discovery:discover_packages(recursive) discover
[1.368s] INFO:colcon.colcon_core.package_discovery:Crawling recursively for packages in '/home/gustavo/workspace'
[1.368s] Level 1:colcon.colcon_core.package_identification:_identify(.) by extensions ['ignore', 'ignore_ament_install']
[1.369s] Level 1:colcon.colcon_core.package_identification:_identify(.) by extension 'ignore'
[1.369s] Level 1:colcon.colcon_core.package_identification:_identify(.) by extension 'ignore_ament_install'
[1.369s] Level 1:colcon.colcon_core.package_identification:_identify(.) by extensions ['colcon_pkg']
[1.369s] Level 1:colcon.colcon_core.package_identification:_identify(.) by extension 'colcon_pkg'
[1.369s] Level 1:colcon.colcon_core.package_identification:_identify(.) by extensions ['colcon_meta']
[1.369s] Level 1:colcon.colcon_core.package_identification:_identify(.) by extension 'colcon_meta'
[1.369s] Level 1:colcon.colcon_core.package_identification:_identify(.) by extensions ['ros']
[1.369s] Level 1:colcon.colcon_core.package_identification:_identify(.) by extension 'ros'
[1.434s] Level 1:colcon.colcon_core.package_identification:_identify(.) by extensions ['cmake', 'python']
[1.434s] Level 1:colcon.colcon_core.package_identification:_identify(.) by extension 'cmake'
[1.434s] Level 1:colcon.colcon_core.package_identification:_identify(.) by extension 'python'
[1.434s] Level 1:colcon.colcon_core.package_identification:_identify(.) by extensions ['python_setup_py']
[1.434s] Level 1:colcon.colcon_core.package_identification:_identify(.) by extension 'python_setup_py'
[1.435s] Level 1:colcon.colcon_core.package_identification:_identify(box_world) by extensions ['ignore', 'ignore_ament_install']
[1.435s] Level 1:colcon.colcon_core.package_identification:_identify(box_world) by extension 'ignore'
[1.435s] Level 1:colcon.colcon_core.package_identification:_identify(box_world) by extension 'ignore_ament_install'
[1.435s] Level 1:colcon.colcon_core.package_identification:_identify(box_world) by extensions ['colcon_pkg']
[1.435s] Level 1:colcon.colcon_core.package_identification:_identify(box_world) by extension 'colcon_pkg'
[1.435s] Level 1:colcon.colcon_core.package_identification:_identify(box_world) by extensions ['colcon_meta']
[1.435s] Level 1:colcon.colcon_core.package_identification:_identify(box_world) by extension 'colcon_meta'
[1.435s] Level 1:colcon.colcon_core.package_identification:_identify(box_world) by extensions ['ros']
[1.435s] Level 1:colcon.colcon_core.package_identification:_identify(box_world) by extension 'ros'
[1.435s] Level 1:colcon.colcon_core.package_identification:_identify(box_world) by extensions ['cmake', 'python']
[1.436s] Level 1:colcon.colcon_core.package_identification:_identify(box_world) by extension 'cmake'
[1.436s] Level 1:colcon.colcon_core.package_identification:_identify(box_world) by extension 'python'
[1.436s] Level 1:colcon.colcon_core.package_identification:_identify(box_world) by extensions ['python_setup_py']
[1.436s] Level 1:colcon.colcon_core.package_identification:_identify(box_world) by extension 'python_setup_py'
[1.436s] Level 1:colcon.colcon_core.package_identification:_identify(build) by extensions ['ignore', 'ignore_ament_install']
[1.436s] Level 1:colcon.colcon_core.package_identification:_identify(build) by extension 'ignore'
[1.436s] Level 1:colcon.colcon_core.package_identification:_identify(build) ignored
[1.436s] Level 1:colcon.colcon_core.package_identification:_identify(install) by extensions ['ignore', 'ignore_ament_install']
[1.436s] Level 1:colcon.colcon_core.package_identification:_identify(install) by extension 'ignore'
[1.437s] Level 1:colcon.colcon_core.package_identification:_identify(install) ignored
[1.437s] Level 1:colcon.colcon_core.package_identification:_identify(log) by extensions ['ignore', 'ignore_ament_install']
[1.437s] Level 1:colcon.colcon_core.package_identification:_identify(log) by extension 'ignore'
[1.437s] Level 1:colcon.colcon_core.package_identification:_identify(log) ignored
[1.438s] Level 1:colcon.colcon_core.package_identification:_identify(src) by extensions ['ignore', 'ignore_ament_install']
[1.438s] Level 1:colcon.colcon_core.package_identification:_identify(src) by extension 'ignore'
[1.438s] Level 1:colcon.colcon_core.package_identification:_identify(src) by extension 'ignore_ament_install'
[1.438s] Level 1:colcon.colcon_core.package_identification:_identify(src) by extensions ['colcon_pkg']
[1.438s] Level 1:colcon.colcon_core.package_identification:_identify(src) by extension 'colcon_pkg'
[1.438s] Level 1:colcon.colcon_core.package_identification:_identify(src) by extensions ['colcon_meta']
[1.438s] Level 1:colcon.colcon_core.package_identification:_identify(src) by extension 'colcon_meta'
[1.438s] Level 1:colcon.colcon_core.package_identification:_identify(src) by extensions ['ros']
[1.439s] Level 1:colcon.colcon_core.package_identification:_identify(src) by extension 'ros'
[1.439s] Level 1:colcon.colcon_core.package_identification:_identify(src) by extensions ['cmake', 'python']
[1.439s] Level 1:colcon.colcon_core.package_identification:_identify(src) by extension 'cmake'
[1.439s] Level 1:colcon.colcon_core.package_identification:_identify(src) by extension 'python'
[1.439s] Level 1:colcon.colcon_core.package_identification:_identify(src) by extensions ['python_setup_py']
[1.439s] Level 1:colcon.colcon_core.package_identification:_identify(src) by extension 'python_setup_py'
[1.439s] Level 1:colcon.colcon_core.package_identification:_identify(src/myturtlebot3) by extensions ['ignore', 'ignore_ament_install']
[1.440s] Level 1:colcon.colcon_core.package_identification:_identify(src/myturtlebot3) by extension 'ignore'
[1.440s] Level 1:colcon.colcon_core.package_identification:_identify(src/myturtlebot3) by extension 'ignore_ament_install'
[1.440s] Level 1:colcon.colcon_core.package_identification:_identify(src/myturtlebot3) by extensions ['colcon_pkg']
[1.440s] Level 1:colcon.colcon_core.package_identification:_identify(src/myturtlebot3) by extension 'colcon_pkg'
[1.440s] Level 1:colcon.colcon_core.package_identification:_identify(src/myturtlebot3) by extensions ['colcon_meta']
[1.440s] Level 1:colcon.colcon_core.package_identification:_identify(src/myturtlebot3) by extension 'colcon_meta'
[1.440s] Level 1:colcon.colcon_core.package_identification:_identify(src/myturtlebot3) by extensions ['ros']
[1.440s] Level 1:colcon.colcon_core.package_identification:_identify(src/myturtlebot3) by extension 'ros'
[1.440s] Level 1:colcon.colcon_core.package_identification:_identify(src/myturtlebot3) by extensions ['cmake', 'python']
[1.441s] Level 1:colcon.colcon_core.package_identification:_identify(src/myturtlebot3) by extension 'cmake'
[1.441s] Level 1:colcon.colcon_core.package_identification:_identify(src/myturtlebot3) by extension 'python'
[1.441s] Level 1:colcon.colcon_core.package_identification:_identify(src/myturtlebot3) by extensions ['python_setup_py']
[1.441s] Level 1:colcon.colcon_core.package_identification:_identify(src/myturtlebot3) by extension 'python_setup_py'
[1.441s] Level 1:colcon.colcon_core.package_identification:_identify(src/myturtlebot3/scan_reader) by extensions ['ignore', 'ignore_ament_install']
[1.441s] Level 1:colcon.colcon_core.package_identification:_identify(src/myturtlebot3/scan_reader) by extension 'ignore'
[1.441s] Level 1:colcon.colcon_core.package_identification:_identify(src/myturtlebot3/scan_reader) by extension 'ignore_ament_install'
[1.442s] Level 1:colcon.colcon_core.package_identification:_identify(src/myturtlebot3/scan_reader) by extensions ['colcon_pkg']
[1.442s] Level 1:colcon.colcon_core.package_identification:_identify(src/myturtlebot3/scan_reader) by extension 'colcon_pkg'
[1.442s] Level 1:colcon.colcon_core.package_identification:_identify(src/myturtlebot3/scan_reader) by extensions ['colcon_meta']
[1.442s] Level 1:colcon.colcon_core.package_identification:_identify(src/myturtlebot3/scan_reader) by extension 'colcon_meta'
[1.442s] Level 1:colcon.colcon_core.package_identification:_identify(src/myturtlebot3/scan_reader) by extensions ['ros']
[1.442s] Level 1:colcon.colcon_core.package_identification:_identify(src/myturtlebot3/scan_reader) by extension 'ros'
[1.468s] DEBUG:colcon.colcon_core.package_identification:Package 'src/myturtlebot3/scan_reader' with type 'ros.ament_python' and name 'scan_reader'
[1.468s] Level 1:colcon.colcon_core.package_identification:_identify(src/myturtlebot3/turtlebot3_navigation) by extensions ['ignore', 'ignore_ament_install']
[1.469s] Level 1:colcon.colcon_core.package_identification:_identify(src/myturtlebot3/turtlebot3_navigation) by extension 'ignore'
[1.469s] Level 1:colcon.colcon_core.package_identification:_identify(src/myturtlebot3/turtlebot3_navigation) by extension 'ignore_ament_install'
[1.469s] Level 1:colcon.colcon_core.package_identification:_identify(src/myturtlebot3/turtlebot3_navigation) by extensions ['colcon_pkg']
[1.469s] Level 1:colcon.colcon_core.package_identification:_identify(src/myturtlebot3/turtlebot3_navigation) by extension 'colcon_pkg'
[1.469s] Level 1:colcon.colcon_core.package_identification:_identify(src/myturtlebot3/turtlebot3_navigation) by extensions ['colcon_meta']
[1.469s] Level 1:colcon.colcon_core.package_identification:_identify(src/myturtlebot3/turtlebot3_navigation) by extension 'colcon_meta'
[1.469s] Level 1:colcon.colcon_core.package_identification:_identify(src/myturtlebot3/turtlebot3_navigation) by extensions ['ros']
[1.469s] Level 1:colcon.colcon_core.package_identification:_identify(src/myturtlebot3/turtlebot3_navigation) by extension 'ros'
[1.477s] DEBUG:colcon.colcon_core.package_identification:Package 'src/myturtlebot3/turtlebot3_navigation' with type 'ros.ament_python' and name 'turtlebot3_navigation'
[1.478s] Level 1:colcon.colcon_core.package_identification:_identify(src/myturtlebot3/velocity_publisher) by extensions ['ignore', 'ignore_ament_install']
[1.478s] Level 1:colcon.colcon_core.package_identification:_identify(src/myturtlebot3/velocity_publisher) by extension 'ignore'
[1.478s] Level 1:colcon.colcon_core.package_identification:_identify(src/myturtlebot3/velocity_publisher) by extension 'ignore_ament_install'
[1.478s] Level 1:colcon.colcon_core.package_identification:_identify(src/myturtlebot3/velocity_publisher) by extensions ['colcon_pkg']
[1.478s] Level 1:colcon.colcon_core.package_identification:_identify(src/myturtlebot3/velocity_publisher) by extension 'colcon_pkg'
[1.478s] Level 1:colcon.colcon_core.package_identification:_identify(src/myturtlebot3/velocity_publisher) by extensions ['colcon_meta']
[1.478s] Level 1:colcon.colcon_core.package_identification:_identify(src/myturtlebot3/velocity_publisher) by extension 'colcon_meta'
[1.478s] Level 1:colcon.colcon_core.package_identification:_identify(src/myturtlebot3/velocity_publisher) by extensions ['ros']
[1.478s] Level 1:colcon.colcon_core.package_identification:_identify(src/myturtlebot3/velocity_publisher) by extension 'ros'
[1.484s] DEBUG:colcon.colcon_core.package_identification:Package 'src/myturtlebot3/velocity_publisher' with type 'ros.ament_python' and name 'velocity_publisher'
[1.484s] Level 1:colcon.colcon_core.package_discovery:discover_packages(recursive) using defaults
[1.484s] Level 1:colcon.colcon_core.package_discovery:discover_packages(ignore) discover
[1.484s] Level 1:colcon.colcon_core.package_discovery:discover_packages(ignore) using defaults
[1.484s] Level 1:colcon.colcon_core.package_discovery:discover_packages(path) discover
[1.484s] Level 1:colcon.colcon_core.package_discovery:discover_packages(path) using defaults
[1.517s] Level 5:colcon.colcon_core.verb:set package 'scan_reader' build argument 'cmake_args' from command line to 'None'
[1.517s] Level 5:colcon.colcon_core.verb:set package 'scan_reader' build argument 'cmake_target' from command line to 'None'
[1.517s] Level 5:colcon.colcon_core.verb:set package 'scan_reader' build argument 'cmake_target_skip_unavailable' from command line to 'False'
[1.517s] Level 5:colcon.colcon_core.verb:set package 'scan_reader' build argument 'cmake_clean_cache' from command line to 'False'
[1.517s] Level 5:colcon.colcon_core.verb:set package 'scan_reader' build argument 'cmake_clean_first' from command line to 'False'
[1.518s] Level 5:colcon.colcon_core.verb:set package 'scan_reader' build argument 'cmake_force_configure' from command line to 'False'
[1.518s] Level 5:colcon.colcon_core.verb:set package 'scan_reader' build argument 'ament_cmake_args' from command line to 'None'
[1.518s] Level 5:colcon.colcon_core.verb:set package 'scan_reader' build argument 'catkin_cmake_args' from command line to 'None'
[1.518s] Level 5:colcon.colcon_core.verb:set package 'scan_reader' build argument 'catkin_skip_building_tests' from command line to 'False'
[1.518s] DEBUG:colcon.colcon_core.verb:Building package 'scan_reader' with the following arguments: {'ament_cmake_args': None, 'build_base': '/home/gustavo/workspace/build/scan_reader', 'catkin_cmake_args': None, 'catkin_skip_building_tests': False, 'cmake_args': None, 'cmake_clean_cache': False, 'cmake_clean_first': False, 'cmake_force_configure': False, 'cmake_target': None, 'cmake_target_skip_unavailable': False, 'install_base': '/home/gustavo/workspace/install/scan_reader', 'merge_install': False, 'path': '/home/gustavo/workspace/src/myturtlebot3/scan_reader', 'symlink_install': False, 'test_result_base': None}
[1.523s] Level 5:colcon.colcon_core.verb:set package 'turtlebot3_navigation' build argument 'cmake_args' from command line to 'None'
[1.523s] Level 5:colcon.colcon_core.verb:set package 'turtlebot3_navigation' build argument 'cmake_target' from command line to 'None'
[1.523s] Level 5:colcon.colcon_core.verb:set package 'turtlebot3_navigation' build argument 'cmake_target_skip_unavailable' from command line to 'False'
[1.523s] Level 5:colcon.colcon_core.verb:set package 'turtlebot3_navigation' build argument 'cmake_clean_cache' from command line to 'False'
[1.523s] Level 5:colcon.colcon_core.verb:set package 'turtlebot3_navigation' build argument 'cmake_clean_first' from command line to 'False'
[1.523s] Level 5:colcon.colcon_core.verb:set package 'turtlebot3_navigation' build argument 'cmake_force_configure' from command line to 'False'
[1.523s] Level 5:colcon.colcon_core.verb:set package 'turtlebot3_navigation' build argument 'ament_cmake_args' from command line to 'None'
[1.523s] Level 5:colcon.colcon_core.verb:set package 'turtlebot3_navigation' build argument 'catkin_cmake_args' from command line to 'None'
[1.523s] Level 5:colcon.colcon_core.verb:set package 'turtlebot3_navigation' build argument 'catkin_skip_building_tests' from command line to 'False'
[1.523s] DEBUG:colcon.colcon_core.verb:Building package 'turtlebot3_navigation' with the following arguments: {'ament_cmake_args': None, 'build_base': '/home/gustavo/workspace/build/turtlebot3_navigation', 'catkin_cmake_args': None, 'catkin_skip_building_tests': False, 'cmake_args': None, 'cmake_clean_cache': False, 'cmake_clean_first': False, 'cmake_force_configure': False, 'cmake_target': None, 'cmake_target_skip_unavailable': False, 'install_base': '/home/gustavo/workspace/install/turtlebot3_navigation', 'merge_install': False, 'path': '/home/gustavo/workspace/src/myturtlebot3/turtlebot3_navigation', 'symlink_install': False, 'test_result_base': None}
[1.528s] Level 5:colcon.colcon_core.verb:set package 'velocity_publisher' build argument 'cmake_args' from command line to 'None'
[1.528s] Level 5:colcon.colcon_core.verb:set package 'velocity_publisher' build argument 'cmake_target' from command line to 'None'
[1.528s] Level 5:colcon.colcon_core.verb:set package 'velocity_publisher' build argument 'cmake_target_skip_unavailable' from command line to 'False'
[1.528s] Level 5:colcon.colcon_core.verb:set package 'velocity_publisher' build argument 'cmake_clean_cache' from command line to 'False'
[1.528s] Level 5:colcon.colcon_core.verb:set package 'velocity_publisher' build argument 'cmake_clean_first' from command line to 'False'
[1.529s] Level 5:colcon.colcon_core.verb:set package 'velocity_publisher' build argument 'cmake_force_configure' from command line to 'False'
[1.529s] Level 5:colcon.colcon_core.verb:set package 'velocity_publisher' build argument 'ament_cmake_args' from command line to 'None'
[1.529s] Level 5:colcon.colcon_core.verb:set package 'velocity_publisher' build argument 'catkin_cmake_args' from command line to 'None'
[1.529s] Level 5:colcon.colcon_core.verb:set package 'velocity_publisher' build argument 'catkin_skip_building_tests' from command line to 'False'
[1.529s] DEBUG:colcon.colcon_core.verb:Building package 'velocity_publisher' with the following arguments: {'ament_cmake_args': None, 'build_base': '/home/gustavo/workspace/build/velocity_publisher', 'catkin_cmake_args': None, 'catkin_skip_building_tests': False, 'cmake_args': None, 'cmake_clean_cache': False, 'cmake_clean_first': False, 'cmake_force_configure': False, 'cmake_target': None, 'cmake_target_skip_unavailable': False, 'install_base': '/home/gustavo/workspace/install/velocity_publisher', 'merge_install': False, 'path': '/home/gustavo/workspace/src/myturtlebot3/velocity_publisher', 'symlink_install': False, 'test_result_base': None}
[1.529s] INFO:colcon.colcon_core.executor:Executing jobs using 'parallel' executor
[1.532s] DEBUG:colcon.colcon_parallel_executor.executor.parallel:run_until_complete
[1.532s] INFO:colcon.colcon_ros.task.ament_python.build:Building ROS package in '/home/gustavo/workspace/src/myturtlebot3/scan_reader' with build type 'ament_python'
[1.532s] Level 1:colcon.colcon_core.shell:create_environment_hook('scan_reader', 'ament_prefix_path')
[1.595s] INFO:colcon.colcon_core.plugin_system:Skipping extension 'colcon_core.shell.bat': Not used on non-Windows systems
[1.595s] INFO:colcon.colcon_core.shell:Creating environment hook '/home/gustavo/workspace/install/scan_reader/share/scan_reader/hook/ament_prefix_path.ps1'
[1.611s] INFO:colcon.colcon_core.shell:Creating environment descriptor '/home/gustavo/workspace/install/scan_reader/share/scan_reader/hook/ament_prefix_path.dsv'
[1.627s] INFO:colcon.colcon_core.shell:Creating environment hook '/home/gustavo/workspace/install/scan_reader/share/scan_reader/hook/ament_prefix_path.sh'
[1.629s] INFO:colcon.colcon_core.shell:Skip shell extension 'powershell' for command environment: Not usable outside of PowerShell
[1.629s] DEBUG:colcon.colcon_core.shell:Skip shell extension 'dsv' for command environment
[1.672s] DEBUG:colcon.colcon_core.shell:Ignoring prefix path '/opt/ros/foxy'
[1.684s] INFO:colcon.colcon_ros.task.ament_python.build:Building ROS package in '/home/gustavo/workspace/src/myturtlebot3/turtlebot3_navigation' with build type 'ament_python'
[1.685s] Level 1:colcon.colcon_core.shell:create_environment_hook('turtlebot3_navigation', 'ament_prefix_path')
[1.686s] INFO:colcon.colcon_core.shell:Creating environment hook '/home/gustavo/workspace/install/turtlebot3_navigation/share/turtlebot3_navigation/hook/ament_prefix_path.ps1'
[1.688s] INFO:colcon.colcon_core.shell:Creating environment descriptor '/home/gustavo/workspace/install/turtlebot3_navigation/share/turtlebot3_navigation/hook/ament_prefix_path.dsv'
[1.688s] INFO:colcon.colcon_core.shell:Creating environment hook '/home/gustavo/workspace/install/turtlebot3_navigation/share/turtlebot3_navigation/hook/ament_prefix_path.sh'
[1.689s] INFO:colcon.colcon_core.shell:Skip shell extension 'powershell' for command environment: Not usable outside of PowerShell
[1.689s] DEBUG:colcon.colcon_core.shell:Skip shell extension 'dsv' for command environment
[1.693s] DEBUG:colcon.colcon_core.shell:Ignoring prefix path '/opt/ros/foxy'
[1.696s] INFO:colcon.colcon_ros.task.ament_python.build:Building ROS package in '/home/gustavo/workspace/src/myturtlebot3/velocity_publisher' with build type 'ament_python'
[1.696s] Level 1:colcon.colcon_core.shell:create_environment_hook('velocity_publisher', 'ament_prefix_path')
[1.697s] INFO:colcon.colcon_core.shell:Creating environment hook '/home/gustavo/workspace/install/velocity_publisher/share/velocity_publisher/hook/ament_prefix_path.ps1'
[1.699s] INFO:colcon.colcon_core.shell:Creating environment descriptor '/home/gustavo/workspace/install/velocity_publisher/share/velocity_publisher/hook/ament_prefix_path.dsv'
[1.699s] INFO:colcon.colcon_core.shell:Creating environment hook '/home/gustavo/workspace/install/velocity_publisher/share/velocity_publisher/hook/ament_prefix_path.sh'
[1.700s] INFO:colcon.colcon_core.shell:Skip shell extension 'powershell' for command environment: Not usable outside of PowerShell
[1.700s] DEBUG:colcon.colcon_core.shell:Skip shell extension 'dsv' for command environment
[1.704s] DEBUG:colcon.colcon_core.shell:Ignoring prefix path '/opt/ros/foxy'
[1.955s] INFO:colcon.colcon_core.task.python.build:Building Python package in '/home/gustavo/workspace/src/myturtlebot3/scan_reader'
[1.956s] INFO:colcon.colcon_core.shell:Skip shell extension 'powershell' for command environment: Not usable outside of PowerShell
[1.956s] DEBUG:colcon.colcon_core.shell:Skip shell extension 'dsv' for command environment
[1.959s] DEBUG:colcon.colcon_core.shell:Ignoring prefix path '/opt/ros/foxy'
[2.190s] INFO:colcon.colcon_core.task.python.build:Building Python package in '/home/gustavo/workspace/src/myturtlebot3/turtlebot3_navigation'
[2.191s] INFO:colcon.colcon_core.shell:Skip shell extension 'powershell' for command environment: Not usable outside of PowerShell
[2.191s] DEBUG:colcon.colcon_core.shell:Skip shell extension 'dsv' for command environment
[2.194s] DEBUG:colcon.colcon_core.shell:Ignoring prefix path '/opt/ros/foxy'
[2.432s] INFO:colcon.colcon_core.task.python.build:Building Python package in '/home/gustavo/workspace/src/myturtlebot3/velocity_publisher'
[2.433s] INFO:colcon.colcon_core.shell:Skip shell extension 'powershell' for command environment: Not usable outside of PowerShell
[2.433s] DEBUG:colcon.colcon_core.shell:Skip shell extension 'dsv' for command environment
[2.437s] DEBUG:colcon.colcon_core.shell:Ignoring prefix path '/opt/ros/foxy'
[2.443s] DEBUG:colcon.colcon_core.event_handler.log_command:Invoking command in '/home/gustavo/workspace/src/myturtlebot3/scan_reader': PYTHONPATH=/home/gustavo/workspace/install/scan_reader/lib/python3.8/site-packages:${PYTHONPATH} /usr/bin/python3 setup.py egg_info --egg-base /home/gustavo/workspace/build/scan_reader build --build-base /home/gustavo/workspace/build/scan_reader/build install --prefix /home/gustavo/workspace/install/scan_reader --record /home/gustavo/workspace/build/scan_reader/install.log --single-version-externally-managed
[2.451s] DEBUG:colcon.colcon_core.event_handler.log_command:Invoking command in '/home/gustavo/workspace/src/myturtlebot3/turtlebot3_navigation': PYTHONPATH=/home/gustavo/workspace/install/turtlebot3_navigation/lib/python3.8/site-packages:${PYTHONPATH} /usr/bin/python3 setup.py egg_info --egg-base /home/gustavo/workspace/build/turtlebot3_navigation build --build-base /home/gustavo/workspace/build/turtlebot3_navigation/build install --prefix /home/gustavo/workspace/install/turtlebot3_navigation --record /home/gustavo/workspace/build/turtlebot3_navigation/install.log --single-version-externally-managed
[2.459s] DEBUG:colcon.colcon_core.event_handler.log_command:Invoking command in '/home/gustavo/workspace/src/myturtlebot3/velocity_publisher': PYTHONPATH=/home/gustavo/workspace/install/velocity_publisher/lib/python3.8/site-packages:${PYTHONPATH} /usr/bin/python3 setup.py egg_info --egg-base /home/gustavo/workspace/build/velocity_publisher build --build-base /home/gustavo/workspace/build/velocity_publisher/build install --prefix /home/gustavo/workspace/install/velocity_publisher --record /home/gustavo/workspace/build/velocity_publisher/install.log --single-version-externally-managed
[3.472s] DEBUG:colcon.colcon_core.event_handler.log_command:Invoked command in '/home/gustavo/workspace/src/myturtlebot3/velocity_publisher' returned '0': PYTHONPATH=/home/gustavo/workspace/install/velocity_publisher/lib/python3.8/site-packages:${PYTHONPATH} /usr/bin/python3 setup.py egg_info --egg-base /home/gustavo/workspace/build/velocity_publisher build --build-base /home/gustavo/workspace/build/velocity_publisher/build install --prefix /home/gustavo/workspace/install/velocity_publisher --record /home/gustavo/workspace/build/velocity_publisher/install.log --single-version-externally-managed
[3.578s] Level 1:colcon.colcon_core.environment:checking '/home/gustavo/workspace/install/velocity_publisher' for CMake module files
[3.579s] Level 1:colcon.colcon_core.environment:checking '/home/gustavo/workspace/install/velocity_publisher' for CMake config files
[3.580s] Level 1:colcon.colcon_core.environment:checking '/home/gustavo/workspace/install/velocity_publisher/lib'
[3.581s] Level 1:colcon.colcon_core.environment:checking '/home/gustavo/workspace/install/velocity_publisher/bin'
[3.581s] Level 1:colcon.colcon_core.environment:checking '/home/gustavo/workspace/install/velocity_publisher/lib/pkgconfig/velocity_publisher.pc'
[3.581s] Level 1:colcon.colcon_core.environment:checking '/home/gustavo/workspace/install/velocity_publisher/lib/python3.8/site-packages'
[3.582s] Level 1:colcon.colcon_core.shell:create_environment_hook('velocity_publisher', 'pythonpath')
[3.583s] INFO:colcon.colcon_core.shell:Creating environment hook '/home/gustavo/workspace/install/velocity_publisher/share/velocity_publisher/hook/pythonpath.ps1'
[3.585s] INFO:colcon.colcon_core.shell:Creating environment descriptor '/home/gustavo/workspace/install/velocity_publisher/share/velocity_publisher/hook/pythonpath.dsv'
[3.585s] INFO:colcon.colcon_core.shell:Creating environment hook '/home/gustavo/workspace/install/velocity_publisher/share/velocity_publisher/hook/pythonpath.sh'
[3.586s] Level 1:colcon.colcon_core.environment:create_environment_scripts_only(velocity_publisher)
[3.588s] INFO:colcon.colcon_core.shell:Creating package script '/home/gustavo/workspace/install/velocity_publisher/share/velocity_publisher/package.ps1'
[3.604s] INFO:colcon.colcon_core.shell:Creating package descriptor '/home/gustavo/workspace/install/velocity_publisher/share/velocity_publisher/package.dsv'
[3.620s] INFO:colcon.colcon_core.shell:Creating package script '/home/gustavo/workspace/install/velocity_publisher/share/velocity_publisher/package.sh'
[3.622s] INFO:colcon.colcon_core.shell:Creating package script '/home/gustavo/workspace/install/velocity_publisher/share/velocity_publisher/package.bash'
[3.634s] INFO:colcon.colcon_core.shell:Creating package script '/home/gustavo/workspace/install/velocity_publisher/share/velocity_publisher/package.zsh'
[3.642s] Level 1:colcon.colcon_core.environment:create_file_with_runtime_dependencies(/home/gustavo/workspace/install/velocity_publisher/share/colcon-core/packages/velocity_publisher)
[3.645s] Level 1:colcon.colcon_core.environment:checking '/home/gustavo/workspace/install/scan_reader' for CMake module files
[3.648s] DEBUG:colcon.colcon_core.event_handler.log_command:Invoked command in '/home/gustavo/workspace/src/myturtlebot3/scan_reader' returned '0': PYTHONPATH=/home/gustavo/workspace/install/scan_reader/lib/python3.8/site-packages:${PYTHONPATH} /usr/bin/python3 setup.py egg_info --egg-base /home/gustavo/workspace/build/scan_reader build --build-base /home/gustavo/workspace/build/scan_reader/build install --prefix /home/gustavo/workspace/install/scan_reader --record /home/gustavo/workspace/build/scan_reader/install.log --single-version-externally-managed
[3.648s] Level 1:colcon.colcon_core.environment:checking '/home/gustavo/workspace/install/scan_reader' for CMake config files
[3.650s] Level 1:colcon.colcon_core.environment:checking '/home/gustavo/workspace/install/scan_reader/lib'
[3.650s] Level 1:colcon.colcon_core.environment:checking '/home/gustavo/workspace/install/scan_reader/bin'
[3.650s] Level 1:colcon.colcon_core.environment:checking '/home/gustavo/workspace/install/scan_reader/lib/pkgconfig/scan_reader.pc'
[3.650s] Level 1:colcon.colcon_core.environment:checking '/home/gustavo/workspace/install/scan_reader/lib/python3.8/site-packages'
[3.650s] Level 1:colcon.colcon_core.shell:create_environment_hook('scan_reader', 'pythonpath')
[3.652s] INFO:colcon.colcon_core.shell:Creating environment hook '/home/gustavo/workspace/install/scan_reader/share/scan_reader/hook/pythonpath.ps1'
[3.652s] INFO:colcon.colcon_core.shell:Creating environment descriptor '/home/gustavo/workspace/install/scan_reader/share/scan_reader/hook/pythonpath.dsv'
[3.653s] INFO:colcon.colcon_core.shell:Creating environment hook '/home/gustavo/workspace/install/scan_reader/share/scan_reader/hook/pythonpath.sh'
[3.654s] Level 1:colcon.colcon_core.environment:create_environment_scripts_only(scan_reader)
[3.656s] INFO:colcon.colcon_core.shell:Creating package script '/home/gustavo/workspace/install/scan_reader/share/scan_reader/package.ps1'
[3.657s] INFO:colcon.colcon_core.shell:Creating package descriptor '/home/gustavo/workspace/install/scan_reader/share/scan_reader/package.dsv'
[3.658s] INFO:colcon.colcon_core.shell:Creating package script '/home/gustavo/workspace/install/scan_reader/share/scan_reader/package.sh'
[3.660s] INFO:colcon.colcon_core.shell:Creating package script '/home/gustavo/workspace/install/scan_reader/share/scan_reader/package.bash'
[3.661s] INFO:colcon.colcon_core.shell:Creating package script '/home/gustavo/workspace/install/scan_reader/share/scan_reader/package.zsh'
[3.662s] Level 1:colcon.colcon_core.environment:create_file_with_runtime_dependencies(/home/gustavo/workspace/install/scan_reader/share/colcon-core/packages/scan_reader)
[3.665s] Level 1:colcon.colcon_core.environment:checking '/home/gustavo/workspace/install/turtlebot3_navigation' for CMake module files
[3.668s] DEBUG:colcon.colcon_core.event_handler.log_command:Invoked command in '/home/gustavo/workspace/src/myturtlebot3/turtlebot3_navigation' returned '0': PYTHONPATH=/home/gustavo/workspace/install/turtlebot3_navigation/lib/python3.8/site-packages:${PYTHONPATH} /usr/bin/python3 setup.py egg_info --egg-base /home/gustavo/workspace/build/turtlebot3_navigation build --build-base /home/gustavo/workspace/build/turtlebot3_navigation/build install --prefix /home/gustavo/workspace/install/turtlebot3_navigation --record /home/gustavo/workspace/build/turtlebot3_navigation/install.log --single-version-externally-managed
[3.668s] Level 1:colcon.colcon_core.environment:checking '/home/gustavo/workspace/install/turtlebot3_navigation' for CMake config files
[3.669s] Level 1:colcon.colcon_core.environment:checking '/home/gustavo/workspace/install/turtlebot3_navigation/lib'
[3.669s] Level 1:colcon.colcon_core.environment:checking '/home/gustavo/workspace/install/turtlebot3_navigation/bin'
[3.670s] Level 1:colcon.colcon_core.environment:checking '/home/gustavo/workspace/install/turtlebot3_navigation/lib/pkgconfig/turtlebot3_navigation.pc'
[3.670s] Level 1:colcon.colcon_core.environment:checking '/home/gustavo/workspace/install/turtlebot3_navigation/lib/python3.8/site-packages'
[3.670s] Level 1:colcon.colcon_core.shell:create_environment_hook('turtlebot3_navigation', 'pythonpath')
[3.671s] INFO:colcon.colcon_core.shell:Creating environment hook '/home/gustavo/workspace/install/turtlebot3_navigation/share/turtlebot3_navigation/hook/pythonpath.ps1'
[3.672s] INFO:colcon.colcon_core.shell:Creating environment descriptor '/home/gustavo/workspace/install/turtlebot3_navigation/share/turtlebot3_navigation/hook/pythonpath.dsv'
[3.672s] INFO:colcon.colcon_core.shell:Creating environment hook '/home/gustavo/workspace/install/turtlebot3_navigation/share/turtlebot3_navigation/hook/pythonpath.sh'
[3.673s] Level 1:colcon.colcon_core.environment:create_environment_scripts_only(turtlebot3_navigation)
[3.674s] INFO:colcon.colcon_core.shell:Creating package script '/home/gustavo/workspace/install/turtlebot3_navigation/share/turtlebot3_navigation/package.ps1'
[3.675s] INFO:colcon.colcon_core.shell:Creating package descriptor '/home/gustavo/workspace/install/turtlebot3_navigation/share/turtlebot3_navigation/package.dsv'
[3.677s] INFO:colcon.colcon_core.shell:Creating package script '/home/gustavo/workspace/install/turtlebot3_navigation/share/turtlebot3_navigation/package.sh'
[3.678s] INFO:colcon.colcon_core.shell:Creating package script '/home/gustavo/workspace/install/turtlebot3_navigation/share/turtlebot3_navigation/package.bash'
[3.679s] INFO:colcon.colcon_core.shell:Creating package script '/home/gustavo/workspace/install/turtlebot3_navigation/share/turtlebot3_navigation/package.zsh'
[3.680s] Level 1:colcon.colcon_core.environment:create_file_with_runtime_dependencies(/home/gustavo/workspace/install/turtlebot3_navigation/share/colcon-core/packages/turtlebot3_navigation)
[3.680s] DEBUG:colcon.colcon_parallel_executor.executor.parallel:closing loop
[3.681s] DEBUG:colcon.colcon_parallel_executor.executor.parallel:loop closed
[3.682s] DEBUG:colcon.colcon_parallel_executor.executor.parallel:run_until_complete finished with '0'
[3.682s] DEBUG:colcon.colcon_core.event_reactor:joining thread
[3.721s] INFO:colcon.colcon_core.plugin_system:Skipping extension 'colcon_notification.desktop_notification.terminal_notifier': Not used on non-Darwin systems
[3.722s] INFO:colcon.colcon_core.plugin_system:Skipping extension 'colcon_notification.desktop_notification.win32': Not used on non-Windows systems
[3.722s] INFO:colcon.colcon_notification.desktop_notification:Sending desktop notification using 'notify2'
[3.756s] DEBUG:colcon.colcon_core.event_reactor:joined thread
[3.757s] INFO:colcon.colcon_core.shell:Creating prefix script '/home/gustavo/workspace/install/local_setup.ps1'
[3.760s] INFO:colcon.colcon_core.shell:Creating prefix util module '/home/gustavo/workspace/install/_local_setup_util_ps1.py'
[3.762s] INFO:colcon.colcon_core.shell:Creating prefix chain script '/home/gustavo/workspace/install/setup.ps1'
[3.769s] INFO:colcon.colcon_core.shell:Creating prefix script '/home/gustavo/workspace/install/local_setup.sh'
[3.770s] INFO:colcon.colcon_core.shell:Creating prefix util module '/home/gustavo/workspace/install/_local_setup_util_sh.py'
[3.771s] INFO:colcon.colcon_core.shell:Creating prefix chain script '/home/gustavo/workspace/install/setup.sh'
[3.778s] INFO:colcon.colcon_core.shell:Creating prefix script '/home/gustavo/workspace/install/local_setup.bash'
[3.779s] INFO:colcon.colcon_core.shell:Creating prefix chain script '/home/gustavo/workspace/install/setup.bash'
[3.785s] INFO:colcon.colcon_core.shell:Creating prefix script '/home/gustavo/workspace/install/local_setup.zsh'
[3.786s] INFO:colcon.colcon_core.shell:Creating prefix chain script '/home/gustavo/workspace/install/setup.zsh'
