[0.896s] Invoking command in '/home/gustavo/workspace/src/myturtlebot3/velocity_publisher': PYTHONPATH=/home/gustavo/workspace/install/velocity_publisher/lib/python3.8/site-packages:${PYTHONPATH} /usr/bin/python3 setup.py egg_info --egg-base /home/gustavo/workspace/build/velocity_publisher build --build-base /home/gustavo/workspace/build/velocity_publisher/build install --prefix /home/gustavo/workspace/install/velocity_publisher --record /home/gustavo/workspace/build/velocity_publisher/install.log --single-version-externally-managed
[1.209s] running egg_info
[1.210s] writing /home/gustavo/workspace/build/velocity_publisher/velocity_publisher.egg-info/PKG-INFO
[1.214s] writing dependency_links to /home/gustavo/workspace/build/velocity_publisher/velocity_publisher.egg-info/dependency_links.txt
[1.214s] writing entry points to /home/gustavo/workspace/build/velocity_publisher/velocity_publisher.egg-info/entry_points.txt
[1.214s] writing requirements to /home/gustavo/workspace/build/velocity_publisher/velocity_publisher.egg-info/requires.txt
[1.214s] writing top-level names to /home/gustavo/workspace/build/velocity_publisher/velocity_publisher.egg-info/top_level.txt
[1.259s] reading manifest file '/home/gustavo/workspace/build/velocity_publisher/velocity_publisher.egg-info/SOURCES.txt'
[1.260s] writing manifest file '/home/gustavo/workspace/build/velocity_publisher/velocity_publisher.egg-info/SOURCES.txt'
[1.260s] running build
[1.260s] running build_py
[1.261s] running install
[1.262s] running install_lib
[1.264s] running install_data
[1.265s] running install_egg_info
[1.267s] removing '/home/gustavo/workspace/install/velocity_publisher/lib/python3.8/site-packages/velocity_publisher-0.0.1-py3.8.egg-info' (and everything under it)
[1.267s] Copying /home/gustavo/workspace/build/velocity_publisher/velocity_publisher.egg-info to /home/gustavo/workspace/install/velocity_publisher/lib/python3.8/site-packages/velocity_publisher-0.0.1-py3.8.egg-info
[1.269s] running install_scripts
[1.296s] Installing velocity_publisher script to /home/gustavo/workspace/install/velocity_publisher/lib/velocity_publisher
[1.296s] writing list of installed files to '/home/gustavo/workspace/build/velocity_publisher/install.log'
[1.348s] Invoked command in '/home/gustavo/workspace/src/myturtlebot3/velocity_publisher' returned '0': PYTHONPATH=/home/gustavo/workspace/install/velocity_publisher/lib/python3.8/site-packages:${PYTHONPATH} /usr/bin/python3 setup.py egg_info --egg-base /home/gustavo/workspace/build/velocity_publisher build --build-base /home/gustavo/workspace/build/velocity_publisher/build install --prefix /home/gustavo/workspace/install/velocity_publisher --record /home/gustavo/workspace/build/velocity_publisher/install.log --single-version-externally-managed
