running egg_info
creating /home/gustavo/workspace/build/velocity_publisher/velocity_publisher.egg-info
writing /home/gustavo/workspace/build/velocity_publisher/velocity_publisher.egg-info/PKG-INFO
writing dependency_links to /home/gustavo/workspace/build/velocity_publisher/velocity_publisher.egg-info/dependency_links.txt
writing entry points to /home/gustavo/workspace/build/velocity_publisher/velocity_publisher.egg-info/entry_points.txt
writing requirements to /home/gustavo/workspace/build/velocity_publisher/velocity_publisher.egg-info/requires.txt
writing top-level names to /home/gustavo/workspace/build/velocity_publisher/velocity_publisher.egg-info/top_level.txt
writing manifest file '/home/gustavo/workspace/build/velocity_publisher/velocity_publisher.egg-info/SOURCES.txt'
reading manifest file '/home/gustavo/workspace/build/velocity_publisher/velocity_publisher.egg-info/SOURCES.txt'
writing manifest file '/home/gustavo/workspace/build/velocity_publisher/velocity_publisher.egg-info/SOURCES.txt'
running build
running build_py
creating /home/gustavo/workspace/build/velocity_publisher/build
creating /home/gustavo/workspace/build/velocity_publisher/build/lib
creating /home/gustavo/workspace/build/velocity_publisher/build/lib/velocity_publisher
copying velocity_publisher/__init__.py -> /home/gustavo/workspace/build/velocity_publisher/build/lib/velocity_publisher
copying velocity_publisher/velocity_publisher.py -> /home/gustavo/workspace/build/velocity_publisher/build/lib/velocity_publisher
running install
running install_lib
creating /home/gustavo/workspace/install/velocity_publisher/lib/python3.8/site-packages/velocity_publisher
copying /home/gustavo/workspace/build/velocity_publisher/build/lib/velocity_publisher/__init__.py -> /home/gustavo/workspace/install/velocity_publisher/lib/python3.8/site-packages/velocity_publisher
copying /home/gustavo/workspace/build/velocity_publisher/build/lib/velocity_publisher/velocity_publisher.py -> /home/gustavo/workspace/install/velocity_publisher/lib/python3.8/site-packages/velocity_publisher
byte-compiling /home/gustavo/workspace/install/velocity_publisher/lib/python3.8/site-packages/velocity_publisher/__init__.py to __init__.cpython-38.pyc
byte-compiling /home/gustavo/workspace/install/velocity_publisher/lib/python3.8/site-packages/velocity_publisher/velocity_publisher.py to velocity_publisher.cpython-38.pyc
running install_data
creating /home/gustavo/workspace/install/velocity_publisher/share/ament_index
creating /home/gustavo/workspace/install/velocity_publisher/share/ament_index/resource_index
creating /home/gustavo/workspace/install/velocity_publisher/share/ament_index/resource_index/packages
copying resource/velocity_publisher -> /home/gustavo/workspace/install/velocity_publisher/share/ament_index/resource_index/packages
copying package.xml -> /home/gustavo/workspace/install/velocity_publisher/share/velocity_publisher
running install_egg_info
Copying /home/gustavo/workspace/build/velocity_publisher/velocity_publisher.egg-info to /home/gustavo/workspace/install/velocity_publisher/lib/python3.8/site-packages/velocity_publisher-0.0.1-py3.8.egg-info
running install_scripts
Installing velocity_publisher script to /home/gustavo/workspace/install/velocity_publisher/lib/velocity_publisher
writing list of installed files to '/home/gustavo/workspace/build/velocity_publisher/install.log'
