[0.506s] Invoking command in '/home/gustavo/workspace/src/myturtlebot3/velocity_publisher': PYTHONPATH=/home/gustavo/workspace/install/velocity_publisher/lib/python3.8/site-packages:${PYTHONPATH} /usr/bin/python3 setup.py egg_info --egg-base /home/gustavo/workspace/build/velocity_publisher build --build-base /home/gustavo/workspace/build/velocity_publisher/build install --prefix /home/gustavo/workspace/install/velocity_publisher --record /home/gustavo/workspace/build/velocity_publisher/install.log --single-version-externally-managed
[0.757s] running egg_info
[0.758s] writing /home/gustavo/workspace/build/velocity_publisher/velocity_publisher.egg-info/PKG-INFO
[0.758s] writing dependency_links to /home/gustavo/workspace/build/velocity_publisher/velocity_publisher.egg-info/dependency_links.txt
[0.759s] writing entry points to /home/gustavo/workspace/build/velocity_publisher/velocity_publisher.egg-info/entry_points.txt
[0.759s] writing requirements to /home/gustavo/workspace/build/velocity_publisher/velocity_publisher.egg-info/requires.txt
[0.759s] writing top-level names to /home/gustavo/workspace/build/velocity_publisher/velocity_publisher.egg-info/top_level.txt
[0.795s] reading manifest file '/home/gustavo/workspace/build/velocity_publisher/velocity_publisher.egg-info/SOURCES.txt'
[0.796s] writing manifest file '/home/gustavo/workspace/build/velocity_publisher/velocity_publisher.egg-info/SOURCES.txt'
[0.796s] running build
[0.796s] running build_py
[0.796s] running install
[0.797s] running install_lib
[0.798s] running install_data
[0.799s] running install_egg_info
[0.802s] removing '/home/gustavo/workspace/install/velocity_publisher/lib/python3.8/site-packages/velocity_publisher-0.0.1-py3.8.egg-info' (and everything under it)
[0.802s] Copying /home/gustavo/workspace/build/velocity_publisher/velocity_publisher.egg-info to /home/gustavo/workspace/install/velocity_publisher/lib/python3.8/site-packages/velocity_publisher-0.0.1-py3.8.egg-info
[0.803s] running install_scripts
[0.820s] Installing velocity_publisher script to /home/gustavo/workspace/install/velocity_publisher/lib/velocity_publisher
[0.820s] writing list of installed files to '/home/gustavo/workspace/build/velocity_publisher/install.log'
[0.842s] Invoked command in '/home/gustavo/workspace/src/myturtlebot3/velocity_publisher' returned '0': PYTHONPATH=/home/gustavo/workspace/install/velocity_publisher/lib/python3.8/site-packages:${PYTHONPATH} /usr/bin/python3 setup.py egg_info --egg-base /home/gustavo/workspace/build/velocity_publisher build --build-base /home/gustavo/workspace/build/velocity_publisher/build install --prefix /home/gustavo/workspace/install/velocity_publisher --record /home/gustavo/workspace/build/velocity_publisher/install.log --single-version-externally-managed
