running egg_info
creating /home/gustavo/workspace/build/turtlebot3_navigation/turtlebot3_navigation.egg-info
writing /home/gustavo/workspace/build/turtlebot3_navigation/turtlebot3_navigation.egg-info/PKG-INFO
writing dependency_links to /home/gustavo/workspace/build/turtlebot3_navigation/turtlebot3_navigation.egg-info/dependency_links.txt
writing entry points to /home/gustavo/workspace/build/turtlebot3_navigation/turtlebot3_navigation.egg-info/entry_points.txt
writing requirements to /home/gustavo/workspace/build/turtlebot3_navigation/turtlebot3_navigation.egg-info/requires.txt
writing top-level names to /home/gustavo/workspace/build/turtlebot3_navigation/turtlebot3_navigation.egg-info/top_level.txt
writing manifest file '/home/gustavo/workspace/build/turtlebot3_navigation/turtlebot3_navigation.egg-info/SOURCES.txt'
reading manifest file '/home/gustavo/workspace/build/turtlebot3_navigation/turtlebot3_navigation.egg-info/SOURCES.txt'
writing manifest file '/home/gustavo/workspace/build/turtlebot3_navigation/turtlebot3_navigation.egg-info/SOURCES.txt'
running build
running build_py
creating /home/gustavo/workspace/build/turtlebot3_navigation/build
creating /home/gustavo/workspace/build/turtlebot3_navigation/build/lib
creating /home/gustavo/workspace/build/turtlebot3_navigation/build/lib/turtlebot3_navigation
copying turtlebot3_navigation/__init__.py -> /home/gustavo/workspace/build/turtlebot3_navigation/build/lib/turtlebot3_navigation
copying turtlebot3_navigation/navigation_node.py -> /home/gustavo/workspace/build/turtlebot3_navigation/build/lib/turtlebot3_navigation
running install
running install_lib
creating /home/gustavo/workspace/install/turtlebot3_navigation/lib/python3.8/site-packages/turtlebot3_navigation
copying /home/gustavo/workspace/build/turtlebot3_navigation/build/lib/turtlebot3_navigation/__init__.py -> /home/gustavo/workspace/install/turtlebot3_navigation/lib/python3.8/site-packages/turtlebot3_navigation
copying /home/gustavo/workspace/build/turtlebot3_navigation/build/lib/turtlebot3_navigation/navigation_node.py -> /home/gustavo/workspace/install/turtlebot3_navigation/lib/python3.8/site-packages/turtlebot3_navigation
byte-compiling /home/gustavo/workspace/install/turtlebot3_navigation/lib/python3.8/site-packages/turtlebot3_navigation/__init__.py to __init__.cpython-38.pyc
byte-compiling /home/gustavo/workspace/install/turtlebot3_navigation/lib/python3.8/site-packages/turtlebot3_navigation/navigation_node.py to navigation_node.cpython-38.pyc
running install_data
creating /home/gustavo/workspace/install/turtlebot3_navigation/share/ament_index
creating /home/gustavo/workspace/install/turtlebot3_navigation/share/ament_index/resource_index
creating /home/gustavo/workspace/install/turtlebot3_navigation/share/ament_index/resource_index/packages
copying resource/turtlebot3_navigation -> /home/gustavo/workspace/install/turtlebot3_navigation/share/ament_index/resource_index/packages
copying package.xml -> /home/gustavo/workspace/install/turtlebot3_navigation/share/turtlebot3_navigation
running install_egg_info
Copying /home/gustavo/workspace/build/turtlebot3_navigation/turtlebot3_navigation.egg-info to /home/gustavo/workspace/install/turtlebot3_navigation/lib/python3.8/site-packages/turtlebot3_navigation-0.0.0-py3.8.egg-info
running install_scripts
Installing navigation_node script to /home/gustavo/workspace/install/turtlebot3_navigation/lib/turtlebot3_navigation
writing list of installed files to '/home/gustavo/workspace/build/turtlebot3_navigation/install.log'
