[0.845s] Invoking command in '/home/gustavo/workspace/src/myturtlebot3/velocity_publisher': PYTHONPATH=/home/gustavo/workspace/install/velocity_publisher/lib/python3.8/site-packages:${PYTHONPATH} /usr/bin/python3 setup.py egg_info --egg-base /home/gustavo/workspace/build/velocity_publisher build --build-base /home/gustavo/workspace/build/velocity_publisher/build install --prefix /home/gustavo/workspace/install/velocity_publisher --record /home/gustavo/workspace/build/velocity_publisher/install.log --single-version-externally-managed
[1.154s] running egg_info
[1.155s] writing /home/gustavo/workspace/build/velocity_publisher/velocity_publisher.egg-info/PKG-INFO
[1.156s] writing dependency_links to /home/gustavo/workspace/build/velocity_publisher/velocity_publisher.egg-info/dependency_links.txt
[1.156s] writing entry points to /home/gustavo/workspace/build/velocity_publisher/velocity_publisher.egg-info/entry_points.txt
[1.156s] writing requirements to /home/gustavo/workspace/build/velocity_publisher/velocity_publisher.egg-info/requires.txt
[1.156s] writing top-level names to /home/gustavo/workspace/build/velocity_publisher/velocity_publisher.egg-info/top_level.txt
[1.199s] reading manifest file '/home/gustavo/workspace/build/velocity_publisher/velocity_publisher.egg-info/SOURCES.txt'
[1.200s] writing manifest file '/home/gustavo/workspace/build/velocity_publisher/velocity_publisher.egg-info/SOURCES.txt'
[1.201s] running build
[1.201s] running build_py
[1.201s] running install
[1.202s] running install_lib
[1.204s] running install_data
[1.205s] running install_egg_info
[1.207s] removing '/home/gustavo/workspace/install/velocity_publisher/lib/python3.8/site-packages/velocity_publisher-0.0.1-py3.8.egg-info' (and everything under it)
[1.207s] Copying /home/gustavo/workspace/build/velocity_publisher/velocity_publisher.egg-info to /home/gustavo/workspace/install/velocity_publisher/lib/python3.8/site-packages/velocity_publisher-0.0.1-py3.8.egg-info
[1.208s] running install_scripts
[1.227s] Installing velocity_publisher script to /home/gustavo/workspace/install/velocity_publisher/lib/velocity_publisher
[1.227s] writing list of installed files to '/home/gustavo/workspace/build/velocity_publisher/install.log'
[1.255s] Invoked command in '/home/gustavo/workspace/src/myturtlebot3/velocity_publisher' returned '0': PYTHONPATH=/home/gustavo/workspace/install/velocity_publisher/lib/python3.8/site-packages:${PYTHONPATH} /usr/bin/python3 setup.py egg_info --egg-base /home/gustavo/workspace/build/velocity_publisher build --build-base /home/gustavo/workspace/build/velocity_publisher/build install --prefix /home/gustavo/workspace/install/velocity_publisher --record /home/gustavo/workspace/build/velocity_publisher/install.log --single-version-externally-managed
