[0.163s] DEBUG:colcon:Command line arguments: ['/usr/bin/colcon', 'build']
[0.163s] DEBUG:colcon:Parsed command line arguments: Namespace(ament_cmake_args=None, base_paths=['.'], build_base='build', catkin_cmake_args=None, catkin_skip_building_tests=False, cmake_args=None, cmake_clean_cache=False, cmake_clean_first=False, cmake_force_configure=False, cmake_target=None, cmake_target_skip_unavailable=False, continue_on_error=False, event_handlers=None, executor='parallel', ignore_user_meta=False, install_base='install', log_base=None, log_level=None, main=<bound method BuildVerb.main of <colcon_core.verb.build.BuildVerb object at 0x7f8aed33fdf0>>, merge_install=False, metas=['./colcon.meta'], packages_above=None, packages_above_and_dependencies=None, packages_above_depth=None, packages_end=None, packages_ignore=None, packages_ignore_regex=None, packages_select=None, packages_select_build_failed=False, packages_select_by_dep=None, packages_select_regex=None, packages_select_test_failures=False, packages_skip=None, packages_skip_build_finished=False, packages_skip_by_dep=None, packages_skip_regex=None, packages_skip_test_passed=False, packages_skip_up_to=None, packages_start=None, packages_up_to=None, packages_up_to_regex=None, parallel_workers=8, paths=None, symlink_install=False, test_result_base=None, verb_extension=<colcon_core.verb.build.BuildVerb object at 0x7f8aed33fdf0>, verb_name='build', verb_parser=<colcon_defaults.argument_parser.defaults.DefaultArgumentsDecorator object at 0x7f8aed3473a0>)
[0.183s] Level 1:colcon.colcon_core.package_discovery:discover_packages(colcon_meta) check parameters
[0.183s] Level 1:colcon.colcon_core.package_discovery:discover_packages(recursive) check parameters
[0.183s] Level 1:colcon.colcon_core.package_discovery:discover_packages(ignore) check parameters
[0.183s] Level 1:colcon.colcon_core.package_discovery:discover_packages(path) check parameters
[0.183s] Level 1:colcon.colcon_core.package_discovery:discover_packages(colcon_meta) discover
[0.183s] Level 1:colcon.colcon_core.package_discovery:discover_packages(recursive) discover
[0.183s] INFO:colcon.colcon_core.package_discovery:Crawling recursively for packages in '/home/gustavo/workspace'
[0.183s] Level 1:colcon.colcon_core.package_identification:_identify(.) by extensions ['ignore', 'ignore_ament_install']
[0.183s] Level 1:colcon.colcon_core.package_identification:_identify(.) by extension 'ignore'
[0.184s] Level 1:colcon.colcon_core.package_identification:_identify(.) by extension 'ignore_ament_install'
[0.184s] Level 1:colcon.colcon_core.package_identification:_identify(.) by extensions ['colcon_pkg']
[0.184s] Level 1:colcon.colcon_core.package_identification:_identify(.) by extension 'colcon_pkg'
[0.184s] Level 1:colcon.colcon_core.package_identification:_identify(.) by extensions ['colcon_meta']
[0.184s] Level 1:colcon.colcon_core.package_identification:_identify(.) by extension 'colcon_meta'
[0.184s] Level 1:colcon.colcon_core.package_identification:_identify(.) by extensions ['ros']
[0.184s] Level 1:colcon.colcon_core.package_identification:_identify(.) by extension 'ros'
[0.196s] Level 1:colcon.colcon_core.package_identification:_identify(.) by extensions ['cmake', 'python']
[0.196s] Level 1:colcon.colcon_core.package_identification:_identify(.) by extension 'cmake'
[0.196s] Level 1:colcon.colcon_core.package_identification:_identify(.) by extension 'python'
[0.196s] Level 1:colcon.colcon_core.package_identification:_identify(.) by extensions ['python_setup_py']
[0.196s] Level 1:colcon.colcon_core.package_identification:_identify(.) by extension 'python_setup_py'
[0.196s] Level 1:colcon.colcon_core.package_identification:_identify(build) by extensions ['ignore', 'ignore_ament_install']
[0.196s] Level 1:colcon.colcon_core.package_identification:_identify(build) by extension 'ignore'
[0.196s] Level 1:colcon.colcon_core.package_identification:_identify(build) ignored
[0.196s] Level 1:colcon.colcon_core.package_identification:_identify(install) by extensions ['ignore', 'ignore_ament_install']
[0.197s] Level 1:colcon.colcon_core.package_identification:_identify(install) by extension 'ignore'
[0.197s] Level 1:colcon.colcon_core.package_identification:_identify(install) ignored
[0.197s] Level 1:colcon.colcon_core.package_identification:_identify(log) by extensions ['ignore', 'ignore_ament_install']
[0.197s] Level 1:colcon.colcon_core.package_identification:_identify(log) by extension 'ignore'
[0.197s] Level 1:colcon.colcon_core.package_identification:_identify(log) ignored
[0.197s] Level 1:colcon.colcon_core.package_identification:_identify(src) by extensions ['ignore', 'ignore_ament_install']
[0.197s] Level 1:colcon.colcon_core.package_identification:_identify(src) by extension 'ignore'
[0.197s] Level 1:colcon.colcon_core.package_identification:_identify(src) by extension 'ignore_ament_install'
[0.197s] Level 1:colcon.colcon_core.package_identification:_identify(src) by extensions ['colcon_pkg']
[0.197s] Level 1:colcon.colcon_core.package_identification:_identify(src) by extension 'colcon_pkg'
[0.197s] Level 1:colcon.colcon_core.package_identification:_identify(src) by extensions ['colcon_meta']
[0.197s] Level 1:colcon.colcon_core.package_identification:_identify(src) by extension 'colcon_meta'
[0.197s] Level 1:colcon.colcon_core.package_identification:_identify(src) by extensions ['ros']
[0.197s] Level 1:colcon.colcon_core.package_identification:_identify(src) by extension 'ros'
[0.197s] Level 1:colcon.colcon_core.package_identification:_identify(src) by extensions ['cmake', 'python']
[0.197s] Level 1:colcon.colcon_core.package_identification:_identify(src) by extension 'cmake'
[0.197s] Level 1:colcon.colcon_core.package_identification:_identify(src) by extension 'python'
[0.198s] Level 1:colcon.colcon_core.package_identification:_identify(src) by extensions ['python_setup_py']
[0.198s] Level 1:colcon.colcon_core.package_identification:_identify(src) by extension 'python_setup_py'
[0.198s] Level 1:colcon.colcon_core.package_identification:_identify(src/myturtlebot3) by extensions ['ignore', 'ignore_ament_install']
[0.198s] Level 1:colcon.colcon_core.package_identification:_identify(src/myturtlebot3) by extension 'ignore'
[0.198s] Level 1:colcon.colcon_core.package_identification:_identify(src/myturtlebot3) by extension 'ignore_ament_install'
[0.198s] Level 1:colcon.colcon_core.package_identification:_identify(src/myturtlebot3) by extensions ['colcon_pkg']
[0.198s] Level 1:colcon.colcon_core.package_identification:_identify(src/myturtlebot3) by extension 'colcon_pkg'
[0.198s] Level 1:colcon.colcon_core.package_identification:_identify(src/myturtlebot3) by extensions ['colcon_meta']
[0.198s] Level 1:colcon.colcon_core.package_identification:_identify(src/myturtlebot3) by extension 'colcon_meta'
[0.198s] Level 1:colcon.colcon_core.package_identification:_identify(src/myturtlebot3) by extensions ['ros']
[0.198s] Level 1:colcon.colcon_core.package_identification:_identify(src/myturtlebot3) by extension 'ros'
[0.198s] Level 1:colcon.colcon_core.package_identification:_identify(src/myturtlebot3) by extensions ['cmake', 'python']
[0.198s] Level 1:colcon.colcon_core.package_identification:_identify(src/myturtlebot3) by extension 'cmake'
[0.198s] Level 1:colcon.colcon_core.package_identification:_identify(src/myturtlebot3) by extension 'python'
[0.198s] Level 1:colcon.colcon_core.package_identification:_identify(src/myturtlebot3) by extensions ['python_setup_py']
[0.198s] Level 1:colcon.colcon_core.package_identification:_identify(src/myturtlebot3) by extension 'python_setup_py'
[0.198s] Level 1:colcon.colcon_core.package_identification:_identify(src/myturtlebot3/scan_reader) by extensions ['ignore', 'ignore_ament_install']
[0.199s] Level 1:colcon.colcon_core.package_identification:_identify(src/myturtlebot3/scan_reader) by extension 'ignore'
[0.199s] Level 1:colcon.colcon_core.package_identification:_identify(src/myturtlebot3/scan_reader) by extension 'ignore_ament_install'
[0.199s] Level 1:colcon.colcon_core.package_identification:_identify(src/myturtlebot3/scan_reader) by extensions ['colcon_pkg']
[0.199s] Level 1:colcon.colcon_core.package_identification:_identify(src/myturtlebot3/scan_reader) by extension 'colcon_pkg'
[0.199s] Level 1:colcon.colcon_core.package_identification:_identify(src/myturtlebot3/scan_reader) by extensions ['colcon_meta']
[0.199s] Level 1:colcon.colcon_core.package_identification:_identify(src/myturtlebot3/scan_reader) by extension 'colcon_meta'
[0.199s] Level 1:colcon.colcon_core.package_identification:_identify(src/myturtlebot3/scan_reader) by extensions ['ros']
[0.199s] Level 1:colcon.colcon_core.package_identification:_identify(src/myturtlebot3/scan_reader) by extension 'ros'
[0.201s] DEBUG:colcon.colcon_core.package_identification:Package 'src/myturtlebot3/scan_reader' with type 'ros.ament_python' and name 'scan_reader'
[0.202s] Level 1:colcon.colcon_core.package_identification:_identify(src/myturtlebot3/turtlebot3_navigation) by extensions ['ignore', 'ignore_ament_install']
[0.202s] Level 1:colcon.colcon_core.package_identification:_identify(src/myturtlebot3/turtlebot3_navigation) by extension 'ignore'
[0.202s] Level 1:colcon.colcon_core.package_identification:_identify(src/myturtlebot3/turtlebot3_navigation) by extension 'ignore_ament_install'
[0.202s] Level 1:colcon.colcon_core.package_identification:_identify(src/myturtlebot3/turtlebot3_navigation) by extensions ['colcon_pkg']
[0.202s] Level 1:colcon.colcon_core.package_identification:_identify(src/myturtlebot3/turtlebot3_navigation) by extension 'colcon_pkg'
[0.202s] Level 1:colcon.colcon_core.package_identification:_identify(src/myturtlebot3/turtlebot3_navigation) by extensions ['colcon_meta']
[0.202s] Level 1:colcon.colcon_core.package_identification:_identify(src/myturtlebot3/turtlebot3_navigation) by extension 'colcon_meta'
[0.202s] Level 1:colcon.colcon_core.package_identification:_identify(src/myturtlebot3/turtlebot3_navigation) by extensions ['ros']
[0.202s] Level 1:colcon.colcon_core.package_identification:_identify(src/myturtlebot3/turtlebot3_navigation) by extension 'ros'
[0.203s] DEBUG:colcon.colcon_core.package_identification:Package 'src/myturtlebot3/turtlebot3_navigation' with type 'ros.ament_python' and name 'turtlebot3_navigation'
[0.203s] Level 1:colcon.colcon_core.package_identification:_identify(src/myturtlebot3/velocity_publisher) by extensions ['ignore', 'ignore_ament_install']
[0.203s] Level 1:colcon.colcon_core.package_identification:_identify(src/myturtlebot3/velocity_publisher) by extension 'ignore'
[0.203s] Level 1:colcon.colcon_core.package_identification:_identify(src/myturtlebot3/velocity_publisher) by extension 'ignore_ament_install'
[0.203s] Level 1:colcon.colcon_core.package_identification:_identify(src/myturtlebot3/velocity_publisher) by extensions ['colcon_pkg']
[0.203s] Level 1:colcon.colcon_core.package_identification:_identify(src/myturtlebot3/velocity_publisher) by extension 'colcon_pkg'
[0.203s] Level 1:colcon.colcon_core.package_identification:_identify(src/myturtlebot3/velocity_publisher) by extensions ['colcon_meta']
[0.203s] Level 1:colcon.colcon_core.package_identification:_identify(src/myturtlebot3/velocity_publisher) by extension 'colcon_meta'
[0.203s] Level 1:colcon.colcon_core.package_identification:_identify(src/myturtlebot3/velocity_publisher) by extensions ['ros']
[0.203s] Level 1:colcon.colcon_core.package_identification:_identify(src/myturtlebot3/velocity_publisher) by extension 'ros'
[0.204s] DEBUG:colcon.colcon_core.package_identification:Package 'src/myturtlebot3/velocity_publisher' with type 'ros.ament_python' and name 'velocity_publisher'
[0.204s] Level 1:colcon.colcon_core.package_discovery:discover_packages(recursive) using defaults
[0.204s] Level 1:colcon.colcon_core.package_discovery:discover_packages(ignore) discover
[0.204s] Level 1:colcon.colcon_core.package_discovery:discover_packages(ignore) using defaults
[0.204s] Level 1:colcon.colcon_core.package_discovery:discover_packages(path) discover
[0.204s] Level 1:colcon.colcon_core.package_discovery:discover_packages(path) using defaults
[0.209s] Level 5:colcon.colcon_core.verb:set package 'scan_reader' build argument 'cmake_args' from command line to 'None'
[0.209s] Level 5:colcon.colcon_core.verb:set package 'scan_reader' build argument 'cmake_target' from command line to 'None'
[0.209s] Level 5:colcon.colcon_core.verb:set package 'scan_reader' build argument 'cmake_target_skip_unavailable' from command line to 'False'
[0.209s] Level 5:colcon.colcon_core.verb:set package 'scan_reader' build argument 'cmake_clean_cache' from command line to 'False'
[0.209s] Level 5:colcon.colcon_core.verb:set package 'scan_reader' build argument 'cmake_clean_first' from command line to 'False'
[0.209s] Level 5:colcon.colcon_core.verb:set package 'scan_reader' build argument 'cmake_force_configure' from command line to 'False'
[0.209s] Level 5:colcon.colcon_core.verb:set package 'scan_reader' build argument 'ament_cmake_args' from command line to 'None'
[0.209s] Level 5:colcon.colcon_core.verb:set package 'scan_reader' build argument 'catkin_cmake_args' from command line to 'None'
[0.209s] Level 5:colcon.colcon_core.verb:set package 'scan_reader' build argument 'catkin_skip_building_tests' from command line to 'False'
[0.209s] DEBUG:colcon.colcon_core.verb:Building package 'scan_reader' with the following arguments: {'ament_cmake_args': None, 'build_base': '/home/gustavo/workspace/build/scan_reader', 'catkin_cmake_args': None, 'catkin_skip_building_tests': False, 'cmake_args': None, 'cmake_clean_cache': False, 'cmake_clean_first': False, 'cmake_force_configure': False, 'cmake_target': None, 'cmake_target_skip_unavailable': False, 'install_base': '/home/gustavo/workspace/install/scan_reader', 'merge_install': False, 'path': '/home/gustavo/workspace/src/myturtlebot3/scan_reader', 'symlink_install': False, 'test_result_base': None}
[0.212s] Level 5:colcon.colcon_core.verb:set package 'turtlebot3_navigation' build argument 'cmake_args' from command line to 'None'
[0.212s] Level 5:colcon.colcon_core.verb:set package 'turtlebot3_navigation' build argument 'cmake_target' from command line to 'None'
[0.212s] Level 5:colcon.colcon_core.verb:set package 'turtlebot3_navigation' build argument 'cmake_target_skip_unavailable' from command line to 'False'
[0.212s] Level 5:colcon.colcon_core.verb:set package 'turtlebot3_navigation' build argument 'cmake_clean_cache' from command line to 'False'
[0.212s] Level 5:colcon.colcon_core.verb:set package 'turtlebot3_navigation' build argument 'cmake_clean_first' from command line to 'False'
[0.212s] Level 5:colcon.colcon_core.verb:set package 'turtlebot3_navigation' build argument 'cmake_force_configure' from command line to 'False'
[0.212s] Level 5:colcon.colcon_core.verb:set package 'turtlebot3_navigation' build argument 'ament_cmake_args' from command line to 'None'
[0.212s] Level 5:colcon.colcon_core.verb:set package 'turtlebot3_navigation' build argument 'catkin_cmake_args' from command line to 'None'
[0.212s] Level 5:colcon.colcon_core.verb:set package 'turtlebot3_navigation' build argument 'catkin_skip_building_tests' from command line to 'False'
[0.212s] DEBUG:colcon.colcon_core.verb:Building package 'turtlebot3_navigation' with the following arguments: {'ament_cmake_args': None, 'build_base': '/home/gustavo/workspace/build/turtlebot3_navigation', 'catkin_cmake_args': None, 'catkin_skip_building_tests': False, 'cmake_args': None, 'cmake_clean_cache': False, 'cmake_clean_first': False, 'cmake_force_configure': False, 'cmake_target': None, 'cmake_target_skip_unavailable': False, 'install_base': '/home/gustavo/workspace/install/turtlebot3_navigation', 'merge_install': False, 'path': '/home/gustavo/workspace/src/myturtlebot3/turtlebot3_navigation', 'symlink_install': False, 'test_result_base': None}
[0.214s] Level 5:colcon.colcon_core.verb:set package 'velocity_publisher' build argument 'cmake_args' from command line to 'None'
[0.214s] Level 5:colcon.colcon_core.verb:set package 'velocity_publisher' build argument 'cmake_target' from command line to 'None'
[0.214s] Level 5:colcon.colcon_core.verb:set package 'velocity_publisher' build argument 'cmake_target_skip_unavailable' from command line to 'False'
[0.214s] Level 5:colcon.colcon_core.verb:set package 'velocity_publisher' build argument 'cmake_clean_cache' from command line to 'False'
[0.214s] Level 5:colcon.colcon_core.verb:set package 'velocity_publisher' build argument 'cmake_clean_first' from command line to 'False'
[0.214s] Level 5:colcon.colcon_core.verb:set package 'velocity_publisher' build argument 'cmake_force_configure' from command line to 'False'
[0.214s] Level 5:colcon.colcon_core.verb:set package 'velocity_publisher' build argument 'ament_cmake_args' from command line to 'None'
[0.214s] Level 5:colcon.colcon_core.verb:set package 'velocity_publisher' build argument 'catkin_cmake_args' from command line to 'None'
[0.214s] Level 5:colcon.colcon_core.verb:set package 'velocity_publisher' build argument 'catkin_skip_building_tests' from command line to 'False'
[0.215s] DEBUG:colcon.colcon_core.verb:Building package 'velocity_publisher' with the following arguments: {'ament_cmake_args': None, 'build_base': '/home/gustavo/workspace/build/velocity_publisher', 'catkin_cmake_args': None, 'catkin_skip_building_tests': False, 'cmake_args': None, 'cmake_clean_cache': False, 'cmake_clean_first': False, 'cmake_force_configure': False, 'cmake_target': None, 'cmake_target_skip_unavailable': False, 'install_base': '/home/gustavo/workspace/install/velocity_publisher', 'merge_install': False, 'path': '/home/gustavo/workspace/src/myturtlebot3/velocity_publisher', 'symlink_install': False, 'test_result_base': None}
[0.215s] INFO:colcon.colcon_core.executor:Executing jobs using 'parallel' executor
[0.217s] DEBUG:colcon.colcon_parallel_executor.executor.parallel:run_until_complete
[0.217s] INFO:colcon.colcon_ros.task.ament_python.build:Building ROS package in '/home/gustavo/workspace/src/myturtlebot3/scan_reader' with build type 'ament_python'
[0.217s] Level 1:colcon.colcon_core.shell:create_environment_hook('scan_reader', 'ament_prefix_path')
[0.222s] INFO:colcon.colcon_core.plugin_system:Skipping extension 'colcon_core.shell.bat': Not used on non-Windows systems
[0.222s] INFO:colcon.colcon_core.shell:Creating environment hook '/home/gustavo/workspace/install/scan_reader/share/scan_reader/hook/ament_prefix_path.ps1'
[0.223s] INFO:colcon.colcon_core.shell:Creating environment descriptor '/home/gustavo/workspace/install/scan_reader/share/scan_reader/hook/ament_prefix_path.dsv'
[0.224s] INFO:colcon.colcon_core.shell:Creating environment hook '/home/gustavo/workspace/install/scan_reader/share/scan_reader/hook/ament_prefix_path.sh'
[0.225s] INFO:colcon.colcon_core.shell:Skip shell extension 'powershell' for command environment: Not usable outside of PowerShell
[0.225s] DEBUG:colcon.colcon_core.shell:Skip shell extension 'dsv' for command environment
[0.228s] DEBUG:colcon.colcon_core.shell:Ignoring prefix path '/opt/ros/foxy'
[0.230s] INFO:colcon.colcon_ros.task.ament_python.build:Building ROS package in '/home/gustavo/workspace/src/myturtlebot3/turtlebot3_navigation' with build type 'ament_python'
[0.231s] Level 1:colcon.colcon_core.shell:create_environment_hook('turtlebot3_navigation', 'ament_prefix_path')
[0.232s] INFO:colcon.colcon_core.shell:Creating environment hook '/home/gustavo/workspace/install/turtlebot3_navigation/share/turtlebot3_navigation/hook/ament_prefix_path.ps1'
[0.233s] INFO:colcon.colcon_core.shell:Creating environment descriptor '/home/gustavo/workspace/install/turtlebot3_navigation/share/turtlebot3_navigation/hook/ament_prefix_path.dsv'
[0.233s] INFO:colcon.colcon_core.shell:Creating environment hook '/home/gustavo/workspace/install/turtlebot3_navigation/share/turtlebot3_navigation/hook/ament_prefix_path.sh'
[0.234s] INFO:colcon.colcon_core.shell:Skip shell extension 'powershell' for command environment: Not usable outside of PowerShell
[0.234s] DEBUG:colcon.colcon_core.shell:Skip shell extension 'dsv' for command environment
[0.238s] DEBUG:colcon.colcon_core.shell:Ignoring prefix path '/opt/ros/foxy'
[0.240s] INFO:colcon.colcon_ros.task.ament_python.build:Building ROS package in '/home/gustavo/workspace/src/myturtlebot3/velocity_publisher' with build type 'ament_python'
[0.241s] Level 1:colcon.colcon_core.shell:create_environment_hook('velocity_publisher', 'ament_prefix_path')
[0.242s] INFO:colcon.colcon_core.shell:Creating environment hook '/home/gustavo/workspace/install/velocity_publisher/share/velocity_publisher/hook/ament_prefix_path.ps1'
[0.243s] INFO:colcon.colcon_core.shell:Creating environment descriptor '/home/gustavo/workspace/install/velocity_publisher/share/velocity_publisher/hook/ament_prefix_path.dsv'
[0.244s] INFO:colcon.colcon_core.shell:Creating environment hook '/home/gustavo/workspace/install/velocity_publisher/share/velocity_publisher/hook/ament_prefix_path.sh'
[0.245s] INFO:colcon.colcon_core.shell:Skip shell extension 'powershell' for command environment: Not usable outside of PowerShell
[0.245s] DEBUG:colcon.colcon_core.shell:Skip shell extension 'dsv' for command environment
[0.248s] DEBUG:colcon.colcon_core.shell:Ignoring prefix path '/opt/ros/foxy'
[0.511s] INFO:colcon.colcon_core.task.python.build:Building Python package in '/home/gustavo/workspace/src/myturtlebot3/scan_reader'
[0.512s] INFO:colcon.colcon_core.shell:Skip shell extension 'powershell' for command environment: Not usable outside of PowerShell
[0.512s] DEBUG:colcon.colcon_core.shell:Skip shell extension 'dsv' for command environment
[0.515s] DEBUG:colcon.colcon_core.shell:Ignoring prefix path '/opt/ros/foxy'
[0.761s] INFO:colcon.colcon_core.task.python.build:Building Python package in '/home/gustavo/workspace/src/myturtlebot3/turtlebot3_navigation'
[0.763s] INFO:colcon.colcon_core.shell:Skip shell extension 'powershell' for command environment: Not usable outside of PowerShell
[0.763s] DEBUG:colcon.colcon_core.shell:Skip shell extension 'dsv' for command environment
[0.766s] DEBUG:colcon.colcon_core.shell:Ignoring prefix path '/opt/ros/foxy'
[1.031s] INFO:colcon.colcon_core.task.python.build:Building Python package in '/home/gustavo/workspace/src/myturtlebot3/velocity_publisher'
[1.032s] INFO:colcon.colcon_core.shell:Skip shell extension 'powershell' for command environment: Not usable outside of PowerShell
[1.032s] DEBUG:colcon.colcon_core.shell:Skip shell extension 'dsv' for command environment
[1.035s] DEBUG:colcon.colcon_core.shell:Ignoring prefix path '/opt/ros/foxy'
[1.042s] DEBUG:colcon.colcon_core.event_handler.log_command:Invoking command in '/home/gustavo/workspace/src/myturtlebot3/scan_reader': PYTHONPATH=/home/gustavo/workspace/install/scan_reader/lib/python3.8/site-packages:${PYTHONPATH} /usr/bin/python3 setup.py egg_info --egg-base /home/gustavo/workspace/build/scan_reader build --build-base /home/gustavo/workspace/build/scan_reader/build install --prefix /home/gustavo/workspace/install/scan_reader --record /home/gustavo/workspace/build/scan_reader/install.log --single-version-externally-managed
[1.053s] DEBUG:colcon.colcon_core.event_handler.log_command:Invoking command in '/home/gustavo/workspace/src/myturtlebot3/turtlebot3_navigation': PYTHONPATH=/home/gustavo/workspace/install/turtlebot3_navigation/lib/python3.8/site-packages:${PYTHONPATH} /usr/bin/python3 setup.py egg_info --egg-base /home/gustavo/workspace/build/turtlebot3_navigation build --build-base /home/gustavo/workspace/build/turtlebot3_navigation/build install --prefix /home/gustavo/workspace/install/turtlebot3_navigation --record /home/gustavo/workspace/build/turtlebot3_navigation/install.log --single-version-externally-managed
[1.057s] DEBUG:colcon.colcon_core.event_handler.log_command:Invoking command in '/home/gustavo/workspace/src/myturtlebot3/velocity_publisher': PYTHONPATH=/home/gustavo/workspace/install/velocity_publisher/lib/python3.8/site-packages:${PYTHONPATH} /usr/bin/python3 setup.py egg_info --egg-base /home/gustavo/workspace/build/velocity_publisher build --build-base /home/gustavo/workspace/build/velocity_publisher/build install --prefix /home/gustavo/workspace/install/velocity_publisher --record /home/gustavo/workspace/build/velocity_publisher/install.log --single-version-externally-managed
[1.374s] DEBUG:colcon.colcon_core.event_handler.log_command:Invoked command in '/home/gustavo/workspace/src/myturtlebot3/turtlebot3_navigation' returned '0': PYTHONPATH=/home/gustavo/workspace/install/turtlebot3_navigation/lib/python3.8/site-packages:${PYTHONPATH} /usr/bin/python3 setup.py egg_info --egg-base /home/gustavo/workspace/build/turtlebot3_navigation build --build-base /home/gustavo/workspace/build/turtlebot3_navigation/build install --prefix /home/gustavo/workspace/install/turtlebot3_navigation --record /home/gustavo/workspace/build/turtlebot3_navigation/install.log --single-version-externally-managed
[1.377s] Level 1:colcon.colcon_core.environment:checking '/home/gustavo/workspace/install/turtlebot3_navigation' for CMake module files
[1.377s] Level 1:colcon.colcon_core.environment:checking '/home/gustavo/workspace/install/turtlebot3_navigation' for CMake config files
[1.378s] Level 1:colcon.colcon_core.environment:checking '/home/gustavo/workspace/install/turtlebot3_navigation/lib'
[1.378s] Level 1:colcon.colcon_core.environment:checking '/home/gustavo/workspace/install/turtlebot3_navigation/bin'
[1.379s] Level 1:colcon.colcon_core.environment:checking '/home/gustavo/workspace/install/turtlebot3_navigation/lib/pkgconfig/turtlebot3_navigation.pc'
[1.379s] Level 1:colcon.colcon_core.environment:checking '/home/gustavo/workspace/install/turtlebot3_navigation/lib/python3.8/site-packages'
[1.379s] Level 1:colcon.colcon_core.shell:create_environment_hook('turtlebot3_navigation', 'pythonpath')
[1.379s] INFO:colcon.colcon_core.shell:Creating environment hook '/home/gustavo/workspace/install/turtlebot3_navigation/share/turtlebot3_navigation/hook/pythonpath.ps1'
[1.380s] INFO:colcon.colcon_core.shell:Creating environment descriptor '/home/gustavo/workspace/install/turtlebot3_navigation/share/turtlebot3_navigation/hook/pythonpath.dsv'
[1.380s] INFO:colcon.colcon_core.shell:Creating environment hook '/home/gustavo/workspace/install/turtlebot3_navigation/share/turtlebot3_navigation/hook/pythonpath.sh'
[1.380s] Level 1:colcon.colcon_core.environment:create_environment_scripts_only(turtlebot3_navigation)
[1.381s] INFO:colcon.colcon_core.shell:Creating package script '/home/gustavo/workspace/install/turtlebot3_navigation/share/turtlebot3_navigation/package.ps1'
[1.382s] INFO:colcon.colcon_core.shell:Creating package descriptor '/home/gustavo/workspace/install/turtlebot3_navigation/share/turtlebot3_navigation/package.dsv'
[1.383s] INFO:colcon.colcon_core.shell:Creating package script '/home/gustavo/workspace/install/turtlebot3_navigation/share/turtlebot3_navigation/package.sh'
[1.384s] INFO:colcon.colcon_core.shell:Creating package script '/home/gustavo/workspace/install/turtlebot3_navigation/share/turtlebot3_navigation/package.bash'
[1.385s] INFO:colcon.colcon_core.shell:Creating package script '/home/gustavo/workspace/install/turtlebot3_navigation/share/turtlebot3_navigation/package.zsh'
[1.386s] Level 1:colcon.colcon_core.environment:create_file_with_runtime_dependencies(/home/gustavo/workspace/install/turtlebot3_navigation/share/colcon-core/packages/turtlebot3_navigation)
[1.388s] Level 1:colcon.colcon_core.environment:checking '/home/gustavo/workspace/install/scan_reader' for CMake module files
[1.389s] DEBUG:colcon.colcon_core.event_handler.log_command:Invoked command in '/home/gustavo/workspace/src/myturtlebot3/scan_reader' returned '0': PYTHONPATH=/home/gustavo/workspace/install/scan_reader/lib/python3.8/site-packages:${PYTHONPATH} /usr/bin/python3 setup.py egg_info --egg-base /home/gustavo/workspace/build/scan_reader build --build-base /home/gustavo/workspace/build/scan_reader/build install --prefix /home/gustavo/workspace/install/scan_reader --record /home/gustavo/workspace/build/scan_reader/install.log --single-version-externally-managed
[1.389s] Level 1:colcon.colcon_core.environment:checking '/home/gustavo/workspace/install/scan_reader' for CMake config files
[1.389s] Level 1:colcon.colcon_core.environment:checking '/home/gustavo/workspace/install/scan_reader/lib'
[1.389s] Level 1:colcon.colcon_core.environment:checking '/home/gustavo/workspace/install/scan_reader/bin'
[1.390s] Level 1:colcon.colcon_core.environment:checking '/home/gustavo/workspace/install/scan_reader/lib/pkgconfig/scan_reader.pc'
[1.390s] Level 1:colcon.colcon_core.environment:checking '/home/gustavo/workspace/install/scan_reader/lib/python3.8/site-packages'
[1.390s] Level 1:colcon.colcon_core.shell:create_environment_hook('scan_reader', 'pythonpath')
[1.390s] INFO:colcon.colcon_core.shell:Creating environment hook '/home/gustavo/workspace/install/scan_reader/share/scan_reader/hook/pythonpath.ps1'
[1.391s] INFO:colcon.colcon_core.shell:Creating environment descriptor '/home/gustavo/workspace/install/scan_reader/share/scan_reader/hook/pythonpath.dsv'
[1.391s] INFO:colcon.colcon_core.shell:Creating environment hook '/home/gustavo/workspace/install/scan_reader/share/scan_reader/hook/pythonpath.sh'
[1.392s] Level 1:colcon.colcon_core.environment:create_environment_scripts_only(scan_reader)
[1.392s] INFO:colcon.colcon_core.shell:Creating package script '/home/gustavo/workspace/install/scan_reader/share/scan_reader/package.ps1'
[1.393s] INFO:colcon.colcon_core.shell:Creating package descriptor '/home/gustavo/workspace/install/scan_reader/share/scan_reader/package.dsv'
[1.394s] INFO:colcon.colcon_core.shell:Creating package script '/home/gustavo/workspace/install/scan_reader/share/scan_reader/package.sh'
[1.394s] INFO:colcon.colcon_core.shell:Creating package script '/home/gustavo/workspace/install/scan_reader/share/scan_reader/package.bash'
[1.395s] INFO:colcon.colcon_core.shell:Creating package script '/home/gustavo/workspace/install/scan_reader/share/scan_reader/package.zsh'
[1.395s] Level 1:colcon.colcon_core.environment:create_file_with_runtime_dependencies(/home/gustavo/workspace/install/scan_reader/share/colcon-core/packages/scan_reader)
[1.397s] Level 1:colcon.colcon_core.environment:checking '/home/gustavo/workspace/install/velocity_publisher' for CMake module files
[1.398s] DEBUG:colcon.colcon_core.event_handler.log_command:Invoked command in '/home/gustavo/workspace/src/myturtlebot3/velocity_publisher' returned '0': PYTHONPATH=/home/gustavo/workspace/install/velocity_publisher/lib/python3.8/site-packages:${PYTHONPATH} /usr/bin/python3 setup.py egg_info --egg-base /home/gustavo/workspace/build/velocity_publisher build --build-base /home/gustavo/workspace/build/velocity_publisher/build install --prefix /home/gustavo/workspace/install/velocity_publisher --record /home/gustavo/workspace/build/velocity_publisher/install.log --single-version-externally-managed
[1.398s] Level 1:colcon.colcon_core.environment:checking '/home/gustavo/workspace/install/velocity_publisher' for CMake config files
[1.399s] Level 1:colcon.colcon_core.environment:checking '/home/gustavo/workspace/install/velocity_publisher/lib'
[1.399s] Level 1:colcon.colcon_core.environment:checking '/home/gustavo/workspace/install/velocity_publisher/bin'
[1.399s] Level 1:colcon.colcon_core.environment:checking '/home/gustavo/workspace/install/velocity_publisher/lib/pkgconfig/velocity_publisher.pc'
[1.399s] Level 1:colcon.colcon_core.environment:checking '/home/gustavo/workspace/install/velocity_publisher/lib/python3.8/site-packages'
[1.399s] Level 1:colcon.colcon_core.shell:create_environment_hook('velocity_publisher', 'pythonpath')
[1.400s] INFO:colcon.colcon_core.shell:Creating environment hook '/home/gustavo/workspace/install/velocity_publisher/share/velocity_publisher/hook/pythonpath.ps1'
[1.401s] INFO:colcon.colcon_core.shell:Creating environment descriptor '/home/gustavo/workspace/install/velocity_publisher/share/velocity_publisher/hook/pythonpath.dsv'
[1.401s] INFO:colcon.colcon_core.shell:Creating environment hook '/home/gustavo/workspace/install/velocity_publisher/share/velocity_publisher/hook/pythonpath.sh'
[1.401s] Level 1:colcon.colcon_core.environment:create_environment_scripts_only(velocity_publisher)
[1.402s] INFO:colcon.colcon_core.shell:Creating package script '/home/gustavo/workspace/install/velocity_publisher/share/velocity_publisher/package.ps1'
[1.402s] INFO:colcon.colcon_core.shell:Creating package descriptor '/home/gustavo/workspace/install/velocity_publisher/share/velocity_publisher/package.dsv'
[1.403s] INFO:colcon.colcon_core.shell:Creating package script '/home/gustavo/workspace/install/velocity_publisher/share/velocity_publisher/package.sh'
[1.403s] INFO:colcon.colcon_core.shell:Creating package script '/home/gustavo/workspace/install/velocity_publisher/share/velocity_publisher/package.bash'
[1.404s] INFO:colcon.colcon_core.shell:Creating package script '/home/gustavo/workspace/install/velocity_publisher/share/velocity_publisher/package.zsh'
[1.404s] Level 1:colcon.colcon_core.environment:create_file_with_runtime_dependencies(/home/gustavo/workspace/install/velocity_publisher/share/colcon-core/packages/velocity_publisher)
[1.404s] DEBUG:colcon.colcon_parallel_executor.executor.parallel:closing loop
[1.404s] DEBUG:colcon.colcon_parallel_executor.executor.parallel:loop closed
[1.405s] DEBUG:colcon.colcon_parallel_executor.executor.parallel:run_until_complete finished with '0'
[1.405s] DEBUG:colcon.colcon_core.event_reactor:joining thread
[1.410s] INFO:colcon.colcon_core.plugin_system:Skipping extension 'colcon_notification.desktop_notification.terminal_notifier': Not used on non-Darwin systems
[1.411s] INFO:colcon.colcon_core.plugin_system:Skipping extension 'colcon_notification.desktop_notification.win32': Not used on non-Windows systems
[1.411s] INFO:colcon.colcon_notification.desktop_notification:Sending desktop notification using 'notify2'
[1.425s] DEBUG:colcon.colcon_core.event_reactor:joined thread
[1.426s] INFO:colcon.colcon_core.shell:Creating prefix script '/home/gustavo/workspace/install/local_setup.ps1'
[1.427s] INFO:colcon.colcon_core.shell:Creating prefix util module '/home/gustavo/workspace/install/_local_setup_util_ps1.py'
[1.428s] INFO:colcon.colcon_core.shell:Creating prefix chain script '/home/gustavo/workspace/install/setup.ps1'
[1.431s] INFO:colcon.colcon_core.shell:Creating prefix script '/home/gustavo/workspace/install/local_setup.sh'
[1.432s] INFO:colcon.colcon_core.shell:Creating prefix util module '/home/gustavo/workspace/install/_local_setup_util_sh.py'
[1.433s] INFO:colcon.colcon_core.shell:Creating prefix chain script '/home/gustavo/workspace/install/setup.sh'
[1.436s] INFO:colcon.colcon_core.shell:Creating prefix script '/home/gustavo/workspace/install/local_setup.bash'
[1.437s] INFO:colcon.colcon_core.shell:Creating prefix chain script '/home/gustavo/workspace/install/setup.bash'
[1.440s] INFO:colcon.colcon_core.shell:Creating prefix script '/home/gustavo/workspace/install/local_setup.zsh'
[1.440s] INFO:colcon.colcon_core.shell:Creating prefix chain script '/home/gustavo/workspace/install/setup.zsh'
