[0.834s] Invoking command in '/home/gustavo/workspace/src/myturtlebot3/turtlebot3_navigation': PYTHONPATH=/home/gustavo/workspace/install/turtlebot3_navigation/lib/python3.8/site-packages:${PYTHONPATH} /usr/bin/python3 setup.py egg_info --egg-base /home/gustavo/workspace/build/turtlebot3_navigation build --build-base /home/gustavo/workspace/build/turtlebot3_navigation/build install --prefix /home/gustavo/workspace/install/turtlebot3_navigation --record /home/gustavo/workspace/build/turtlebot3_navigation/install.log --single-version-externally-managed
[1.269s] running egg_info
[1.269s] writing /home/gustavo/workspace/build/turtlebot3_navigation/turtlebot3_navigation.egg-info/PKG-INFO
[1.286s] writing dependency_links to /home/gustavo/workspace/build/turtlebot3_navigation/turtlebot3_navigation.egg-info/dependency_links.txt
[1.286s] writing entry points to /home/gustavo/workspace/build/turtlebot3_navigation/turtlebot3_navigation.egg-info/entry_points.txt
[1.286s] writing requirements to /home/gustavo/workspace/build/turtlebot3_navigation/turtlebot3_navigation.egg-info/requires.txt
[1.286s] writing top-level names to /home/gustavo/workspace/build/turtlebot3_navigation/turtlebot3_navigation.egg-info/top_level.txt
[1.550s] reading manifest file '/home/gustavo/workspace/build/turtlebot3_navigation/turtlebot3_navigation.egg-info/SOURCES.txt'
[1.565s] writing manifest file '/home/gustavo/workspace/build/turtlebot3_navigation/turtlebot3_navigation.egg-info/SOURCES.txt'
[1.565s] running build
[1.566s] running build_py
[1.596s] copying turtlebot3_navigation/navigation_node.py -> /home/gustavo/workspace/build/turtlebot3_navigation/build/lib/turtlebot3_navigation
[1.597s] running install
[1.598s] running install_lib
[1.662s] copying /home/gustavo/workspace/build/turtlebot3_navigation/build/lib/turtlebot3_navigation/navigation_node.py -> /home/gustavo/workspace/install/turtlebot3_navigation/lib/python3.8/site-packages/turtlebot3_navigation
[1.663s] byte-compiling /home/gustavo/workspace/install/turtlebot3_navigation/lib/python3.8/site-packages/turtlebot3_navigation/navigation_node.py to navigation_node.cpython-38.pyc
[1.665s] running install_data
[1.689s] running install_egg_info
[1.720s] removing '/home/gustavo/workspace/install/turtlebot3_navigation/lib/python3.8/site-packages/turtlebot3_navigation-0.0.0-py3.8.egg-info' (and everything under it)
[1.721s] Copying /home/gustavo/workspace/build/turtlebot3_navigation/turtlebot3_navigation.egg-info to /home/gustavo/workspace/install/turtlebot3_navigation/lib/python3.8/site-packages/turtlebot3_navigation-0.0.0-py3.8.egg-info
[1.766s] running install_scripts
[1.869s] Installing navigation_node script to /home/gustavo/workspace/install/turtlebot3_navigation/lib/turtlebot3_navigation
[1.885s] writing list of installed files to '/home/gustavo/workspace/build/turtlebot3_navigation/install.log'
[2.124s] Invoked command in '/home/gustavo/workspace/src/myturtlebot3/turtlebot3_navigation' returned '0': PYTHONPATH=/home/gustavo/workspace/install/turtlebot3_navigation/lib/python3.8/site-packages:${PYTHONPATH} /usr/bin/python3 setup.py egg_info --egg-base /home/gustavo/workspace/build/turtlebot3_navigation build --build-base /home/gustavo/workspace/build/turtlebot3_navigation/build install --prefix /home/gustavo/workspace/install/turtlebot3_navigation --record /home/gustavo/workspace/build/turtlebot3_navigation/install.log --single-version-externally-managed
