[0.842s] Invoking command in '/home/gustavo/workspace/src/myturtlebot3/scan_reader': PYTHONPATH=/home/gustavo/workspace/install/scan_reader/lib/python3.8/site-packages:${PYTHONPATH} /usr/bin/python3 setup.py egg_info --egg-base /home/gustavo/workspace/build/scan_reader build --build-base /home/gustavo/workspace/build/scan_reader/build install --prefix /home/gustavo/workspace/install/scan_reader --record /home/gustavo/workspace/build/scan_reader/install.log --single-version-externally-managed
[1.164s] running egg_info
[1.165s] writing /home/gustavo/workspace/build/scan_reader/scan_reader.egg-info/PKG-INFO
[1.165s] writing dependency_links to /home/gustavo/workspace/build/scan_reader/scan_reader.egg-info/dependency_links.txt
[1.165s] writing entry points to /home/gustavo/workspace/build/scan_reader/scan_reader.egg-info/entry_points.txt
[1.165s] writing requirements to /home/gustavo/workspace/build/scan_reader/scan_reader.egg-info/requires.txt
[1.165s] writing top-level names to /home/gustavo/workspace/build/scan_reader/scan_reader.egg-info/top_level.txt
[1.210s] reading manifest file '/home/gustavo/workspace/build/scan_reader/scan_reader.egg-info/SOURCES.txt'
[1.211s] writing manifest file '/home/gustavo/workspace/build/scan_reader/scan_reader.egg-info/SOURCES.txt'
[1.211s] running build
[1.212s] running build_py
[1.212s] running install
[1.213s] running install_lib
[1.215s] running install_data
[1.215s] running install_egg_info
[1.218s] removing '/home/gustavo/workspace/install/scan_reader/lib/python3.8/site-packages/scan_reader-0.0.0-py3.8.egg-info' (and everything under it)
[1.219s] Copying /home/gustavo/workspace/build/scan_reader/scan_reader.egg-info to /home/gustavo/workspace/install/scan_reader/lib/python3.8/site-packages/scan_reader-0.0.0-py3.8.egg-info
[1.219s] running install_scripts
[1.248s] Installing laser_publisher script to /home/gustavo/workspace/install/scan_reader/lib/scan_reader
[1.249s] Installing scan_reader script to /home/gustavo/workspace/install/scan_reader/lib/scan_reader
[1.249s] writing list of installed files to '/home/gustavo/workspace/build/scan_reader/install.log'
[1.282s] Invoked command in '/home/gustavo/workspace/src/myturtlebot3/scan_reader' returned '0': PYTHONPATH=/home/gustavo/workspace/install/scan_reader/lib/python3.8/site-packages:${PYTHONPATH} /usr/bin/python3 setup.py egg_info --egg-base /home/gustavo/workspace/build/scan_reader build --build-base /home/gustavo/workspace/build/scan_reader/build install --prefix /home/gustavo/workspace/install/scan_reader --record /home/gustavo/workspace/build/scan_reader/install.log --single-version-externally-managed
